[0.911s] Invoking command in '/home/cyrosrobot5/drone_ws/build/mrs_uav_gazebo_simulator': DEBUGINFOD_URLS=https://debuginfod.ubuntu.com PYTHONPATH=/home/cyrosrobot5/drone_ws/build/mrs_uav_gazebo_simulator/prefix_override:/usr/lib/python3/dist-packages/colcon_core/task/python/colcon_distutils_commands:/home/cyrosrobot5/drone_ws/install/mrs_uav_gazebo_simulator/lib/python3.12/site-packages:${PYTHONPATH} /usr/bin/python3 -W ignore:setup.py install is deprecated -W ignore:easy_install command is deprecated setup.py develop --editable --build-directory /home/cyrosrobot5/drone_ws/build/mrs_uav_gazebo_simulator/build --no-deps symlink_data
[1.186s] running develop
[1.347s] running egg_info
[1.347s] creating mrs_uav_gazebo_simulator.egg-info
[1.363s] writing mrs_uav_gazebo_simulator.egg-info/PKG-INFO
[1.363s] writing dependency_links to mrs_uav_gazebo_simulator.egg-info/dependency_links.txt
[1.363s] writing entry points to mrs_uav_gazebo_simulator.egg-info/entry_points.txt
[1.363s] writing requirements to mrs_uav_gazebo_simulator.egg-info/requires.txt
[1.363s] writing top-level names to mrs_uav_gazebo_simulator.egg-info/top_level.txt
[1.363s] writing manifest file 'mrs_uav_gazebo_simulator.egg-info/SOURCES.txt'
[1.397s] reading manifest file 'mrs_uav_gazebo_simulator.egg-info/SOURCES.txt'
[1.399s] writing manifest file 'mrs_uav_gazebo_simulator.egg-info/SOURCES.txt'
[1.417s] running build_ext
[1.418s] Creating /home/cyrosrobot5/drone_ws/install/mrs_uav_gazebo_simulator/lib/python3.12/site-packages/mrs-uav-gazebo-simulator.egg-link (link to .)
[1.418s] Installing mrs_drone_spawner script to /home/cyrosrobot5/drone_ws/install/mrs_uav_gazebo_simulator/lib/mrs_uav_gazebo_simulator
[1.418s] 
[1.419s] Installed /home/cyrosrobot5/drone_ws/build/mrs_uav_gazebo_simulator
[1.419s] running symlink_data
[1.419s] creating /home/cyrosrobot5/drone_ws/install/mrs_uav_gazebo_simulator/share/ament_index
[1.419s] creating /home/cyrosrobot5/drone_ws/install/mrs_uav_gazebo_simulator/share/ament_index/resource_index
[1.419s] creating /home/cyrosrobot5/drone_ws/install/mrs_uav_gazebo_simulator/share/ament_index/resource_index/packages
[1.419s] symbolically linking /home/cyrosrobot5/drone_ws/build/mrs_uav_gazebo_simulator/resource/mrs_uav_gazebo_simulator -> /home/cyrosrobot5/drone_ws/install/mrs_uav_gazebo_simulator/share/ament_index/resource_index/packages
[1.419s] symbolically linking /home/cyrosrobot5/drone_ws/build/mrs_uav_gazebo_simulator/package.xml -> /home/cyrosrobot5/drone_ws/install/mrs_uav_gazebo_simulator/share/mrs_uav_gazebo_simulator
[1.419s] creating /home/cyrosrobot5/drone_ws/install/mrs_uav_gazebo_simulator/share/mrs_uav_gazebo_simulator/launch
[1.419s] symbolically linking /home/cyrosrobot5/drone_ws/build/mrs_uav_gazebo_simulator/launch/mrs_drone_spawner.launch.py -> /home/cyrosrobot5/drone_ws/install/mrs_uav_gazebo_simulator/share/mrs_uav_gazebo_simulator/launch
[1.419s] symbolically linking /home/cyrosrobot5/drone_ws/build/mrs_uav_gazebo_simulator/launch/run_simulation_firmware.launch.py -> /home/cyrosrobot5/drone_ws/install/mrs_uav_gazebo_simulator/share/mrs_uav_gazebo_simulator/launch
[1.419s] symbolically linking /home/cyrosrobot5/drone_ws/build/mrs_uav_gazebo_simulator/launch/simulation.launch.py -> /home/cyrosrobot5/drone_ws/install/mrs_uav_gazebo_simulator/share/mrs_uav_gazebo_simulator/launch
[1.419s] symbolically linking /home/cyrosrobot5/drone_ws/build/mrs_uav_gazebo_simulator/launch/uav_ros_gz_bridge.launch.py -> /home/cyrosrobot5/drone_ws/install/mrs_uav_gazebo_simulator/share/mrs_uav_gazebo_simulator/launch
[1.420s] creating /home/cyrosrobot5/drone_ws/install/mrs_uav_gazebo_simulator/share/mrs_uav_gazebo_simulator/config
[1.420s] symbolically linking /home/cyrosrobot5/drone_ws/build/mrs_uav_gazebo_simulator/config/gazebo_server.config -> /home/cyrosrobot5/drone_ws/install/mrs_uav_gazebo_simulator/share/mrs_uav_gazebo_simulator/config
[1.420s] symbolically linking /home/cyrosrobot5/drone_ws/build/mrs_uav_gazebo_simulator/config/uav_ros_gz_bridge_config.yaml.jinja -> /home/cyrosrobot5/drone_ws/install/mrs_uav_gazebo_simulator/share/mrs_uav_gazebo_simulator/config
[1.420s] symbolically linking /home/cyrosrobot5/drone_ws/build/mrs_uav_gazebo_simulator/config/spawner_params.yaml -> /home/cyrosrobot5/drone_ws/install/mrs_uav_gazebo_simulator/share/mrs_uav_gazebo_simulator/config
[1.420s] creating /home/cyrosrobot5/drone_ws/install/mrs_uav_gazebo_simulator/share/mrs_uav_gazebo_simulator/config/mrs_uav_system
[1.420s] symbolically linking /home/cyrosrobot5/drone_ws/build/mrs_uav_gazebo_simulator/config/mrs_uav_system/naki.yaml -> /home/cyrosrobot5/drone_ws/install/mrs_uav_gazebo_simulator/share/mrs_uav_gazebo_simulator/config/mrs_uav_system
[1.420s] symbolically linking /home/cyrosrobot5/drone_ws/build/mrs_uav_gazebo_simulator/config/mrs_uav_system/m690.yaml -> /home/cyrosrobot5/drone_ws/install/mrs_uav_gazebo_simulator/share/mrs_uav_gazebo_simulator/config/mrs_uav_system
[1.420s] symbolically linking /home/cyrosrobot5/drone_ws/build/mrs_uav_gazebo_simulator/config/mrs_uav_system/f550.yaml -> /home/cyrosrobot5/drone_ws/install/mrs_uav_gazebo_simulator/share/mrs_uav_gazebo_simulator/config/mrs_uav_system
[1.420s] symbolically linking /home/cyrosrobot5/drone_ws/build/mrs_uav_gazebo_simulator/config/mrs_uav_system/t650.yaml -> /home/cyrosrobot5/drone_ws/install/mrs_uav_gazebo_simulator/share/mrs_uav_gazebo_simulator/config/mrs_uav_system
[1.420s] symbolically linking /home/cyrosrobot5/drone_ws/build/mrs_uav_gazebo_simulator/config/mrs_uav_system/f330.yaml -> /home/cyrosrobot5/drone_ws/install/mrs_uav_gazebo_simulator/share/mrs_uav_gazebo_simulator/config/mrs_uav_system
[1.420s] symbolically linking /home/cyrosrobot5/drone_ws/build/mrs_uav_gazebo_simulator/config/mrs_uav_system/robofly.yaml -> /home/cyrosrobot5/drone_ws/install/mrs_uav_gazebo_simulator/share/mrs_uav_gazebo_simulator/config/mrs_uav_system
[1.420s] symbolically linking /home/cyrosrobot5/drone_ws/build/mrs_uav_gazebo_simulator/config/mrs_uav_system/x500.yaml -> /home/cyrosrobot5/drone_ws/install/mrs_uav_gazebo_simulator/share/mrs_uav_gazebo_simulator/config/mrs_uav_system
[1.421s] symbolically linking /home/cyrosrobot5/drone_ws/build/mrs_uav_gazebo_simulator/config/mrs_uav_system/f450.yaml -> /home/cyrosrobot5/drone_ws/install/mrs_uav_gazebo_simulator/share/mrs_uav_gazebo_simulator/config/mrs_uav_system
[1.421s] creating /home/cyrosrobot5/drone_ws/install/mrs_uav_gazebo_simulator/share/mrs_uav_gazebo_simulator/models
[1.421s] creating /home/cyrosrobot5/drone_ws/install/mrs_uav_gazebo_simulator/share/mrs_uav_gazebo_simulator/models/mrs_robots_description
[1.421s] symbolically linking /home/cyrosrobot5/drone_ws/build/mrs_uav_gazebo_simulator/models/mrs_robots_description/model.config -> /home/cyrosrobot5/drone_ws/install/mrs_uav_gazebo_simulator/share/mrs_uav_gazebo_simulator/models/mrs_robots_description
[1.421s] creating /home/cyrosrobot5/drone_ws/install/mrs_uav_gazebo_simulator/share/mrs_uav_gazebo_simulator/models/mrs_robots_description/meshes
[1.421s] creating /home/cyrosrobot5/drone_ws/install/mrs_uav_gazebo_simulator/share/mrs_uav_gazebo_simulator/models/mrs_robots_description/meshes/x500v2
[1.421s] symbolically linking /home/cyrosrobot5/drone_ws/build/mrs_uav_gazebo_simulator/models/mrs_robots_description/meshes/x500v2/carbon.jpg -> /home/cyrosrobot5/drone_ws/install/mrs_uav_gazebo_simulator/share/mrs_uav_gazebo_simulator/models/mrs_robots_description/meshes/x500v2
[1.421s] symbolically linking /home/cyrosrobot5/drone_ws/build/mrs_uav_gazebo_simulator/models/mrs_robots_description/meshes/x500v2/bluefox_mount_mesh_file.stl -> /home/cyrosrobot5/drone_ws/install/mrs_uav_gazebo_simulator/share/mrs_uav_gazebo_simulator/models/mrs_robots_description/meshes/x500v2
[1.421s] symbolically linking /home/cyrosrobot5/drone_ws/build/mrs_uav_gazebo_simulator/models/mrs_robots_description/meshes/x500v2/battery_mount_mesh_file.stl -> /home/cyrosrobot5/drone_ws/install/mrs_uav_gazebo_simulator/share/mrs_uav_gazebo_simulator/models/mrs_robots_description/meshes/x500v2
[1.421s] symbolically linking /home/cyrosrobot5/drone_ws/build/mrs_uav_gazebo_simulator/models/mrs_robots_description/meshes/x500v2/nuc_board_mesh_file.stl -> /home/cyrosrobot5/drone_ws/install/mrs_uav_gazebo_simulator/share/mrs_uav_gazebo_simulator/models/mrs_robots_description/meshes/x500v2
[1.421s] symbolically linking /home/cyrosrobot5/drone_ws/build/mrs_uav_gazebo_simulator/models/mrs_robots_description/meshes/x500v2/nuc_cooler_mesh_file.stl -> /home/cyrosrobot5/drone_ws/install/mrs_uav_gazebo_simulator/share/mrs_uav_gazebo_simulator/models/mrs_robots_description/meshes/x500v2
[1.421s] symbolically linking /home/cyrosrobot5/drone_ws/build/mrs_uav_gazebo_simulator/models/mrs_robots_description/meshes/x500v2/realsense_mount_mesh_file.stl -> /home/cyrosrobot5/drone_ws/install/mrs_uav_gazebo_simulator/share/mrs_uav_gazebo_simulator/models/mrs_robots_description/meshes/x500v2
[1.421s] symbolically linking /home/cyrosrobot5/drone_ws/build/mrs_uav_gazebo_simulator/models/mrs_robots_description/meshes/x500v2/nuc_hex_posts_mesh_file.stl -> /home/cyrosrobot5/drone_ws/install/mrs_uav_gazebo_simulator/share/mrs_uav_gazebo_simulator/models/mrs_robots_description/meshes/x500v2
[1.422s] symbolically linking /home/cyrosrobot5/drone_ws/build/mrs_uav_gazebo_simulator/models/mrs_robots_description/meshes/x500v2/pixhawk6c_mesh_file.stl -> /home/cyrosrobot5/drone_ws/install/mrs_uav_gazebo_simulator/share/mrs_uav_gazebo_simulator/models/mrs_robots_description/meshes/x500v2
[1.422s] symbolically linking /home/cyrosrobot5/drone_ws/build/mrs_uav_gazebo_simulator/models/mrs_robots_description/meshes/x500v2/motor_bottom_mesh_file.stl -> /home/cyrosrobot5/drone_ws/install/mrs_uav_gazebo_simulator/share/mrs_uav_gazebo_simulator/models/mrs_robots_description/meshes/x500v2
[1.422s] symbolically linking /home/cyrosrobot5/drone_ws/build/mrs_uav_gazebo_simulator/models/mrs_robots_description/meshes/x500v2/bottom_board_mesh_file.dae -> /home/cyrosrobot5/drone_ws/install/mrs_uav_gazebo_simulator/share/mrs_uav_gazebo_simulator/models/mrs_robots_description/meshes/x500v2
[1.422s] symbolically linking /home/cyrosrobot5/drone_ws/build/mrs_uav_gazebo_simulator/models/mrs_robots_description/meshes/x500v2/lidar_mount_mesh_file.stl -> /home/cyrosrobot5/drone_ws/install/mrs_uav_gazebo_simulator/share/mrs_uav_gazebo_simulator/models/mrs_robots_description/meshes/x500v2
[1.422s] symbolically linking /home/cyrosrobot5/drone_ws/build/mrs_uav_gazebo_simulator/models/mrs_robots_description/meshes/x500v2/garmin_mount_mesh_file.stl -> /home/cyrosrobot5/drone_ws/install/mrs_uav_gazebo_simulator/share/mrs_uav_gazebo_simulator/models/mrs_robots_description/meshes/x500v2
[1.422s] symbolically linking /home/cyrosrobot5/drone_ws/build/mrs_uav_gazebo_simulator/models/mrs_robots_description/meshes/x500v2/motor_top_mesh_file.stl -> /home/cyrosrobot5/drone_ws/install/mrs_uav_gazebo_simulator/share/mrs_uav_gazebo_simulator/models/mrs_robots_description/meshes/x500v2
[1.422s] symbolically linking /home/cyrosrobot5/drone_ws/build/mrs_uav_gazebo_simulator/models/mrs_robots_description/meshes/x500v2/carbon_light.jpg -> /home/cyrosrobot5/drone_ws/install/mrs_uav_gazebo_simulator/share/mrs_uav_gazebo_simulator/models/mrs_robots_description/meshes/x500v2
[1.422s] symbolically linking /home/cyrosrobot5/drone_ws/build/mrs_uav_gazebo_simulator/models/mrs_robots_description/meshes/x500v2/arm_3d_print_mesh_file.stl -> /home/cyrosrobot5/drone_ws/install/mrs_uav_gazebo_simulator/share/mrs_uav_gazebo_simulator/models/mrs_robots_description/meshes/x500v2
[1.422s] symbolically linking /home/cyrosrobot5/drone_ws/build/mrs_uav_gazebo_simulator/models/mrs_robots_description/meshes/x500v2/gps_module_mesh_file.stl -> /home/cyrosrobot5/drone_ws/install/mrs_uav_gazebo_simulator/share/mrs_uav_gazebo_simulator/models/mrs_robots_description/meshes/x500v2
[1.422s] symbolically linking /home/cyrosrobot5/drone_ws/build/mrs_uav_gazebo_simulator/models/mrs_robots_description/meshes/x500v2/arm_carbon_mesh_file.stl -> /home/cyrosrobot5/drone_ws/install/mrs_uav_gazebo_simulator/share/mrs_uav_gazebo_simulator/models/mrs_robots_description/meshes/x500v2
[1.422s] symbolically linking /home/cyrosrobot5/drone_ws/build/mrs_uav_gazebo_simulator/models/mrs_robots_description/meshes/x500v2/arm_plastic2_mesh_file.stl -> /home/cyrosrobot5/drone_ws/install/mrs_uav_gazebo_simulator/share/mrs_uav_gazebo_simulator/models/mrs_robots_description/meshes/x500v2
[1.423s] symbolically linking /home/cyrosrobot5/drone_ws/build/mrs_uav_gazebo_simulator/models/mrs_robots_description/meshes/x500v2/leg_3d_print_mesh_file.stl -> /home/cyrosrobot5/drone_ws/install/mrs_uav_gazebo_simulator/share/mrs_uav_gazebo_simulator/models/mrs_robots_description/meshes/x500v2
[1.423s] symbolically linking /home/cyrosrobot5/drone_ws/build/mrs_uav_gazebo_simulator/models/mrs_robots_description/meshes/x500v2/arm_plastic1_mesh_file.stl -> /home/cyrosrobot5/drone_ws/install/mrs_uav_gazebo_simulator/share/mrs_uav_gazebo_simulator/models/mrs_robots_description/meshes/x500v2
[1.423s] symbolically linking /home/cyrosrobot5/drone_ws/build/mrs_uav_gazebo_simulator/models/mrs_robots_description/meshes/x500v2/qorvo_dw1000_mount.stl -> /home/cyrosrobot5/drone_ws/install/mrs_uav_gazebo_simulator/share/mrs_uav_gazebo_simulator/models/mrs_robots_description/meshes/x500v2
[1.423s] symbolically linking /home/cyrosrobot5/drone_ws/build/mrs_uav_gazebo_simulator/models/mrs_robots_description/meshes/x500v2/battery_mesh_file.stl -> /home/cyrosrobot5/drone_ws/install/mrs_uav_gazebo_simulator/share/mrs_uav_gazebo_simulator/models/mrs_robots_description/meshes/x500v2
[1.423s] symbolically linking /home/cyrosrobot5/drone_ws/build/mrs_uav_gazebo_simulator/models/mrs_robots_description/meshes/x500v2/prop_mesh_file.dae -> /home/cyrosrobot5/drone_ws/install/mrs_uav_gazebo_simulator/share/mrs_uav_gazebo_simulator/models/mrs_robots_description/meshes/x500v2
[1.423s] symbolically linking /home/cyrosrobot5/drone_ws/build/mrs_uav_gazebo_simulator/models/mrs_robots_description/meshes/x500v2/top_board_mesh_file.dae -> /home/cyrosrobot5/drone_ws/install/mrs_uav_gazebo_simulator/share/mrs_uav_gazebo_simulator/models/mrs_robots_description/meshes/x500v2
[1.423s] symbolically linking /home/cyrosrobot5/drone_ws/build/mrs_uav_gazebo_simulator/models/mrs_robots_description/meshes/x500v2/motor_middle_mesh_file.stl -> /home/cyrosrobot5/drone_ws/install/mrs_uav_gazebo_simulator/share/mrs_uav_gazebo_simulator/models/mrs_robots_description/meshes/x500v2
[1.423s] symbolically linking /home/cyrosrobot5/drone_ws/build/mrs_uav_gazebo_simulator/models/mrs_robots_description/meshes/x500v2/gps_mount_mesh_file.stl -> /home/cyrosrobot5/drone_ws/install/mrs_uav_gazebo_simulator/share/mrs_uav_gazebo_simulator/models/mrs_robots_description/meshes/x500v2
[1.423s] symbolically linking /home/cyrosrobot5/drone_ws/build/mrs_uav_gazebo_simulator/models/mrs_robots_description/meshes/x500v2/arm_carbon_mesh_file.dae -> /home/cyrosrobot5/drone_ws/install/mrs_uav_gazebo_simulator/share/mrs_uav_gazebo_simulator/models/mrs_robots_description/meshes/x500v2
[1.423s] creating /home/cyrosrobot5/drone_ws/install/mrs_uav_gazebo_simulator/share/mrs_uav_gazebo_simulator/models/mrs_robots_description/meshes/sensors
[1.423s] symbolically linking /home/cyrosrobot5/drone_ws/build/mrs_uav_gazebo_simulator/models/mrs_robots_description/meshes/sensors/oakd_enclosure.stl -> /home/cyrosrobot5/drone_ws/install/mrs_uav_gazebo_simulator/share/mrs_uav_gazebo_simulator/models/mrs_robots_description/meshes/sensors
[1.423s] symbolically linking /home/cyrosrobot5/drone_ws/build/mrs_uav_gazebo_simulator/models/mrs_robots_description/meshes/sensors/os1_64.dae -> /home/cyrosrobot5/drone_ws/install/mrs_uav_gazebo_simulator/share/mrs_uav_gazebo_simulator/models/mrs_robots_description/meshes/sensors
[1.423s] symbolically linking /home/cyrosrobot5/drone_ws/build/mrs_uav_gazebo_simulator/models/mrs_robots_description/meshes/sensors/whycon_box.dae -> /home/cyrosrobot5/drone_ws/install/mrs_uav_gazebo_simulator/share/mrs_uav_gazebo_simulator/models/mrs_robots_description/meshes/sensors
[1.424s] symbolically linking /home/cyrosrobot5/drone_ws/build/mrs_uav_gazebo_simulator/models/mrs_robots_description/meshes/sensors/ultrasonic_URM37.dae -> /home/cyrosrobot5/drone_ws/install/mrs_uav_gazebo_simulator/share/mrs_uav_gazebo_simulator/models/mrs_robots_description/meshes/sensors
[1.424s] symbolically linking /home/cyrosrobot5/drone_ws/build/mrs_uav_gazebo_simulator/models/mrs_robots_description/meshes/sensors/garmin_lidar_v3.stl -> /home/cyrosrobot5/drone_ws/install/mrs_uav_gazebo_simulator/share/mrs_uav_gazebo_simulator/models/mrs_robots_description/meshes/sensors
[1.424s] symbolically linking /home/cyrosrobot5/drone_ws/build/mrs_uav_gazebo_simulator/models/mrs_robots_description/meshes/sensors/mobius.dae -> /home/cyrosrobot5/drone_ws/install/mrs_uav_gazebo_simulator/share/mrs_uav_gazebo_simulator/models/mrs_robots_description/meshes/sensors
[1.424s] symbolically linking /home/cyrosrobot5/drone_ws/build/mrs_uav_gazebo_simulator/models/mrs_robots_description/meshes/sensors/basler_dart.stl -> /home/cyrosrobot5/drone_ws/install/mrs_uav_gazebo_simulator/share/mrs_uav_gazebo_simulator/models/mrs_robots_description/meshes/sensors
[1.424s] symbolically linking /home/cyrosrobot5/drone_ws/build/mrs_uav_gazebo_simulator/models/mrs_robots_description/meshes/sensors/realsense_glass.stl -> /home/cyrosrobot5/drone_ws/install/mrs_uav_gazebo_simulator/share/mrs_uav_gazebo_simulator/models/mrs_robots_description/meshes/sensors
[1.424s] symbolically linking /home/cyrosrobot5/drone_ws/build/mrs_uav_gazebo_simulator/models/mrs_robots_description/meshes/sensors/pixhawk.dae -> /home/cyrosrobot5/drone_ws/install/mrs_uav_gazebo_simulator/share/mrs_uav_gazebo_simulator/models/mrs_robots_description/meshes/sensors
[1.424s] symbolically linking /home/cyrosrobot5/drone_ws/build/mrs_uav_gazebo_simulator/models/mrs_robots_description/meshes/sensors/sony_alpha_6500.dae -> /home/cyrosrobot5/drone_ws/install/mrs_uav_gazebo_simulator/share/mrs_uav_gazebo_simulator/models/mrs_robots_description/meshes/sensors
[1.424s] symbolically linking /home/cyrosrobot5/drone_ws/build/mrs_uav_gazebo_simulator/models/mrs_robots_description/meshes/sensors/realsense_body.stl -> /home/cyrosrobot5/drone_ws/install/mrs_uav_gazebo_simulator/share/mrs_uav_gazebo_simulator/models/mrs_robots_description/meshes/sensors
[1.424s] symbolically linking /home/cyrosrobot5/drone_ws/build/mrs_uav_gazebo_simulator/models/mrs_robots_description/meshes/sensors/teraranger_evo.stl -> /home/cyrosrobot5/drone_ws/install/mrs_uav_gazebo_simulator/share/mrs_uav_gazebo_simulator/models/mrs_robots_description/meshes/sensors
[1.424s] symbolically linking /home/cyrosrobot5/drone_ws/build/mrs_uav_gazebo_simulator/models/mrs_robots_description/meshes/sensors/rplidar.stl -> /home/cyrosrobot5/drone_ws/install/mrs_uav_gazebo_simulator/share/mrs_uav_gazebo_simulator/models/mrs_robots_description/meshes/sensors
[1.424s] symbolically linking /home/cyrosrobot5/drone_ws/build/mrs_uav_gazebo_simulator/models/mrs_robots_description/meshes/sensors/bluefox.dae -> /home/cyrosrobot5/drone_ws/install/mrs_uav_gazebo_simulator/share/mrs_uav_gazebo_simulator/models/mrs_robots_description/meshes/sensors
[1.425s] symbolically linking /home/cyrosrobot5/drone_ws/build/mrs_uav_gazebo_simulator/models/mrs_robots_description/meshes/sensors/teraranger_evo_thermal_33.dae -> /home/cyrosrobot5/drone_ws/install/mrs_uav_gazebo_simulator/share/mrs_uav_gazebo_simulator/models/mrs_robots_description/meshes/sensors
[1.425s] creating /home/cyrosrobot5/drone_ws/install/mrs_uav_gazebo_simulator/share/mrs_uav_gazebo_simulator/models/mrs_robots_description/meshes/robofly
[1.425s] symbolically linking /home/cyrosrobot5/drone_ws/build/mrs_uav_gazebo_simulator/models/mrs_robots_description/meshes/robofly/prop_ccw.dae -> /home/cyrosrobot5/drone_ws/install/mrs_uav_gazebo_simulator/share/mrs_uav_gazebo_simulator/models/mrs_robots_description/meshes/robofly
[1.425s] symbolically linking /home/cyrosrobot5/drone_ws/build/mrs_uav_gazebo_simulator/models/mrs_robots_description/meshes/robofly/body.dae -> /home/cyrosrobot5/drone_ws/install/mrs_uav_gazebo_simulator/share/mrs_uav_gazebo_simulator/models/mrs_robots_description/meshes/robofly
[1.425s] symbolically linking /home/cyrosrobot5/drone_ws/build/mrs_uav_gazebo_simulator/models/mrs_robots_description/meshes/robofly/prop_cw.dae -> /home/cyrosrobot5/drone_ws/install/mrs_uav_gazebo_simulator/share/mrs_uav_gazebo_simulator/models/mrs_robots_description/meshes/robofly
[1.425s] creating /home/cyrosrobot5/drone_ws/install/mrs_uav_gazebo_simulator/share/mrs_uav_gazebo_simulator/models/mrs_robots_description/meshes/custom
[1.425s] creating /home/cyrosrobot5/drone_ws/install/mrs_uav_gazebo_simulator/share/mrs_uav_gazebo_simulator/models/mrs_robots_description/meshes/custom/naki
[1.425s] symbolically linking /home/cyrosrobot5/drone_ws/build/mrs_uav_gazebo_simulator/models/mrs_robots_description/meshes/custom/naki/NAKI_propeller.dae -> /home/cyrosrobot5/drone_ws/install/mrs_uav_gazebo_simulator/share/mrs_uav_gazebo_simulator/models/mrs_robots_description/meshes/custom/naki
[1.425s] symbolically linking /home/cyrosrobot5/drone_ws/build/mrs_uav_gazebo_simulator/models/mrs_robots_description/meshes/custom/naki/NAKI_legs.dae -> /home/cyrosrobot5/drone_ws/install/mrs_uav_gazebo_simulator/share/mrs_uav_gazebo_simulator/models/mrs_robots_description/meshes/custom/naki
[1.425s] symbolically linking /home/cyrosrobot5/drone_ws/build/mrs_uav_gazebo_simulator/models/mrs_robots_description/meshes/custom/naki/NAKI_legless_frame.dae -> /home/cyrosrobot5/drone_ws/install/mrs_uav_gazebo_simulator/share/mrs_uav_gazebo_simulator/models/mrs_robots_description/meshes/custom/naki
[1.425s] symbolically linking /home/cyrosrobot5/drone_ws/build/mrs_uav_gazebo_simulator/models/mrs_robots_description/meshes/custom/naki/dji_f450_rotor.dae -> /home/cyrosrobot5/drone_ws/install/mrs_uav_gazebo_simulator/share/mrs_uav_gazebo_simulator/models/mrs_robots_description/meshes/custom/naki
[1.426s] symbolically linking /home/cyrosrobot5/drone_ws/build/mrs_uav_gazebo_simulator/models/mrs_robots_description/meshes/custom/naki/NAKI_sony_alpha_6500_w_gimbal_mount.dae -> /home/cyrosrobot5/drone_ws/install/mrs_uav_gazebo_simulator/share/mrs_uav_gazebo_simulator/models/mrs_robots_description/meshes/custom/naki
[1.426s] symbolically linking /home/cyrosrobot5/drone_ws/build/mrs_uav_gazebo_simulator/models/mrs_robots_description/meshes/custom/naki/NAKI_gimbal_movable_part.dae -> /home/cyrosrobot5/drone_ws/install/mrs_uav_gazebo_simulator/share/mrs_uav_gazebo_simulator/models/mrs_robots_description/meshes/custom/naki
[1.426s] creating /home/cyrosrobot5/drone_ws/install/mrs_uav_gazebo_simulator/share/mrs_uav_gazebo_simulator/models/mrs_robots_description/meshes/dji
[1.426s] creating /home/cyrosrobot5/drone_ws/install/mrs_uav_gazebo_simulator/share/mrs_uav_gazebo_simulator/models/mrs_robots_description/meshes/dji/f550
[1.426s] symbolically linking /home/cyrosrobot5/drone_ws/build/mrs_uav_gazebo_simulator/models/mrs_robots_description/meshes/dji/f550/dji_f550_realsense_front_pitched_0_mount.dae -> /home/cyrosrobot5/drone_ws/install/mrs_uav_gazebo_simulator/share/mrs_uav_gazebo_simulator/models/mrs_robots_description/meshes/dji/f550
[1.426s] symbolically linking /home/cyrosrobot5/drone_ws/build/mrs_uav_gazebo_simulator/models/mrs_robots_description/meshes/dji/f550/dji_f550_realsense_front_pitched_10_mount.dae -> /home/cyrosrobot5/drone_ws/install/mrs_uav_gazebo_simulator/share/mrs_uav_gazebo_simulator/models/mrs_robots_description/meshes/dji/f550
[1.426s] symbolically linking /home/cyrosrobot5/drone_ws/build/mrs_uav_gazebo_simulator/models/mrs_robots_description/meshes/dji/f550/dji_f550_arm.dae -> /home/cyrosrobot5/drone_ws/install/mrs_uav_gazebo_simulator/share/mrs_uav_gazebo_simulator/models/mrs_robots_description/meshes/dji/f550
[1.426s] symbolically linking /home/cyrosrobot5/drone_ws/build/mrs_uav_gazebo_simulator/models/mrs_robots_description/meshes/dji/f550/dji_f550_central_board.dae -> /home/cyrosrobot5/drone_ws/install/mrs_uav_gazebo_simulator/share/mrs_uav_gazebo_simulator/models/mrs_robots_description/meshes/dji/f550
[1.426s] symbolically linking /home/cyrosrobot5/drone_ws/build/mrs_uav_gazebo_simulator/models/mrs_robots_description/meshes/dji/f550/dji_f550_prop.dae -> /home/cyrosrobot5/drone_ws/install/mrs_uav_gazebo_simulator/share/mrs_uav_gazebo_simulator/models/mrs_robots_description/meshes/dji/f550
[1.426s] symbolically linking /home/cyrosrobot5/drone_ws/build/mrs_uav_gazebo_simulator/models/mrs_robots_description/meshes/dji/f550/dji_f550_realsense_top_mount.dae -> /home/cyrosrobot5/drone_ws/install/mrs_uav_gazebo_simulator/share/mrs_uav_gazebo_simulator/models/mrs_robots_description/meshes/dji/f550
[1.426s] symbolically linking /home/cyrosrobot5/drone_ws/build/mrs_uav_gazebo_simulator/models/mrs_robots_description/meshes/dji/f550/dji_f550_battery_and_garmin_mount.dae -> /home/cyrosrobot5/drone_ws/install/mrs_uav_gazebo_simulator/share/mrs_uav_gazebo_simulator/models/mrs_robots_description/meshes/dji/f550
[1.426s] symbolically linking /home/cyrosrobot5/drone_ws/build/mrs_uav_gazebo_simulator/models/mrs_robots_description/meshes/dji/f550/dji_f550_leg_240mm.dae -> /home/cyrosrobot5/drone_ws/install/mrs_uav_gazebo_simulator/share/mrs_uav_gazebo_simulator/models/mrs_robots_description/meshes/dji/f550
[1.427s] symbolically linking /home/cyrosrobot5/drone_ws/build/mrs_uav_gazebo_simulator/models/mrs_robots_description/meshes/dji/f550/dji_f550_ouster_mount.dae -> /home/cyrosrobot5/drone_ws/install/mrs_uav_gazebo_simulator/share/mrs_uav_gazebo_simulator/models/mrs_robots_description/meshes/dji/f550
[1.427s] symbolically linking /home/cyrosrobot5/drone_ws/build/mrs_uav_gazebo_simulator/models/mrs_robots_description/meshes/dji/f550/dji_f550_realsense_front_pitched_30_mount.dae -> /home/cyrosrobot5/drone_ws/install/mrs_uav_gazebo_simulator/share/mrs_uav_gazebo_simulator/models/mrs_robots_description/meshes/dji/f550
[1.427s] symbolically linking /home/cyrosrobot5/drone_ws/build/mrs_uav_gazebo_simulator/models/mrs_robots_description/meshes/dji/f550/dji_f550_nuc.dae -> /home/cyrosrobot5/drone_ws/install/mrs_uav_gazebo_simulator/share/mrs_uav_gazebo_simulator/models/mrs_robots_description/meshes/dji/f550
[1.427s] symbolically linking /home/cyrosrobot5/drone_ws/build/mrs_uav_gazebo_simulator/models/mrs_robots_description/meshes/dji/f550/dji_f550_realsense_front_pitched_90_mount.dae -> /home/cyrosrobot5/drone_ws/install/mrs_uav_gazebo_simulator/share/mrs_uav_gazebo_simulator/models/mrs_robots_description/meshes/dji/f550
[1.427s] symbolically linking /home/cyrosrobot5/drone_ws/build/mrs_uav_gazebo_simulator/models/mrs_robots_description/meshes/dji/f550/dji_f550_realsense_front_pitched_20_mount.dae -> /home/cyrosrobot5/drone_ws/install/mrs_uav_gazebo_simulator/share/mrs_uav_gazebo_simulator/models/mrs_robots_description/meshes/dji/f550
[1.427s] symbolically linking /home/cyrosrobot5/drone_ws/build/mrs_uav_gazebo_simulator/models/mrs_robots_description/meshes/dji/f550/dji_f550_rplidar_mount.dae -> /home/cyrosrobot5/drone_ws/install/mrs_uav_gazebo_simulator/share/mrs_uav_gazebo_simulator/models/mrs_robots_description/meshes/dji/f550
[1.427s] symbolically linking /home/cyrosrobot5/drone_ws/build/mrs_uav_gazebo_simulator/models/mrs_robots_description/meshes/dji/f550/dji_f550_rotor.dae -> /home/cyrosrobot5/drone_ws/install/mrs_uav_gazebo_simulator/share/mrs_uav_gazebo_simulator/models/mrs_robots_description/meshes/dji/f550
[1.427s] symbolically linking /home/cyrosrobot5/drone_ws/build/mrs_uav_gazebo_simulator/models/mrs_robots_description/meshes/dji/f550/dji_f550_uvdar_mount.dae -> /home/cyrosrobot5/drone_ws/install/mrs_uav_gazebo_simulator/share/mrs_uav_gazebo_simulator/models/mrs_robots_description/meshes/dji/f550
[1.427s] symbolically linking /home/cyrosrobot5/drone_ws/build/mrs_uav_gazebo_simulator/models/mrs_robots_description/meshes/dji/f550/dji_f550_leg_170mm.dae -> /home/cyrosrobot5/drone_ws/install/mrs_uav_gazebo_simulator/share/mrs_uav_gazebo_simulator/models/mrs_robots_description/meshes/dji/f550
[1.427s] symbolically linking /home/cyrosrobot5/drone_ws/build/mrs_uav_gazebo_simulator/models/mrs_robots_description/meshes/dji/f550/dji_f550_realsense_front_pitched_40_mount.dae -> /home/cyrosrobot5/drone_ws/install/mrs_uav_gazebo_simulator/share/mrs_uav_gazebo_simulator/models/mrs_robots_description/meshes/dji/f550
[1.427s] creating /home/cyrosrobot5/drone_ws/install/mrs_uav_gazebo_simulator/share/mrs_uav_gazebo_simulator/models/mrs_robots_description/meshes/dji/f330
[1.428s] symbolically linking /home/cyrosrobot5/drone_ws/build/mrs_uav_gazebo_simulator/models/mrs_robots_description/meshes/dji/f330/f330_bottom_board.dae -> /home/cyrosrobot5/drone_ws/install/mrs_uav_gazebo_simulator/share/mrs_uav_gazebo_simulator/models/mrs_robots_description/meshes/dji/f330
[1.428s] symbolically linking /home/cyrosrobot5/drone_ws/build/mrs_uav_gazebo_simulator/models/mrs_robots_description/meshes/dji/f330/f330_arm.dae -> /home/cyrosrobot5/drone_ws/install/mrs_uav_gazebo_simulator/share/mrs_uav_gazebo_simulator/models/mrs_robots_description/meshes/dji/f330
[1.428s] symbolically linking /home/cyrosrobot5/drone_ws/build/mrs_uav_gazebo_simulator/models/mrs_robots_description/meshes/dji/f330/f330_leg_110mm.dae -> /home/cyrosrobot5/drone_ws/install/mrs_uav_gazebo_simulator/share/mrs_uav_gazebo_simulator/models/mrs_robots_description/meshes/dji/f330
[1.428s] symbolically linking /home/cyrosrobot5/drone_ws/build/mrs_uav_gazebo_simulator/models/mrs_robots_description/meshes/dji/f330/f330_nuc.dae -> /home/cyrosrobot5/drone_ws/install/mrs_uav_gazebo_simulator/share/mrs_uav_gazebo_simulator/models/mrs_robots_description/meshes/dji/f330
[1.428s] symbolically linking /home/cyrosrobot5/drone_ws/build/mrs_uav_gazebo_simulator/models/mrs_robots_description/meshes/dji/f330/f330_top_board.dae -> /home/cyrosrobot5/drone_ws/install/mrs_uav_gazebo_simulator/share/mrs_uav_gazebo_simulator/models/mrs_robots_description/meshes/dji/f330
[1.428s] symbolically linking /home/cyrosrobot5/drone_ws/build/mrs_uav_gazebo_simulator/models/mrs_robots_description/meshes/dji/f330/f330_rotor.dae -> /home/cyrosrobot5/drone_ws/install/mrs_uav_gazebo_simulator/share/mrs_uav_gazebo_simulator/models/mrs_robots_description/meshes/dji/f330
[1.428s] symbolically linking /home/cyrosrobot5/drone_ws/build/mrs_uav_gazebo_simulator/models/mrs_robots_description/meshes/dji/f330/f330_compton_holder.dae -> /home/cyrosrobot5/drone_ws/install/mrs_uav_gazebo_simulator/share/mrs_uav_gazebo_simulator/models/mrs_robots_description/meshes/dji/f330
[1.428s] symbolically linking /home/cyrosrobot5/drone_ws/build/mrs_uav_gazebo_simulator/models/mrs_robots_description/meshes/dji/f330/f330_bluefox_holder.dae -> /home/cyrosrobot5/drone_ws/install/mrs_uav_gazebo_simulator/share/mrs_uav_gazebo_simulator/models/mrs_robots_description/meshes/dji/f330
[1.428s] symbolically linking /home/cyrosrobot5/drone_ws/build/mrs_uav_gazebo_simulator/models/mrs_robots_description/meshes/dji/f330/f330_battery_holder.dae -> /home/cyrosrobot5/drone_ws/install/mrs_uav_gazebo_simulator/share/mrs_uav_gazebo_simulator/models/mrs_robots_description/meshes/dji/f330
[1.428s] symbolically linking /home/cyrosrobot5/drone_ws/build/mrs_uav_gazebo_simulator/models/mrs_robots_description/meshes/dji/f330/f330_prop.dae -> /home/cyrosrobot5/drone_ws/install/mrs_uav_gazebo_simulator/share/mrs_uav_gazebo_simulator/models/mrs_robots_description/meshes/dji/f330
[1.428s] creating /home/cyrosrobot5/drone_ws/install/mrs_uav_gazebo_simulator/share/mrs_uav_gazebo_simulator/models/mrs_robots_description/meshes/dji/f450
[1.428s] symbolically linking /home/cyrosrobot5/drone_ws/build/mrs_uav_gazebo_simulator/models/mrs_robots_description/meshes/dji/f450/dji_f450_leg_170mm.dae -> /home/cyrosrobot5/drone_ws/install/mrs_uav_gazebo_simulator/share/mrs_uav_gazebo_simulator/models/mrs_robots_description/meshes/dji/f450
[1.428s] symbolically linking /home/cyrosrobot5/drone_ws/build/mrs_uav_gazebo_simulator/models/mrs_robots_description/meshes/dji/f450/dji_f450_realsense_front_pitched_45_mount.dae -> /home/cyrosrobot5/drone_ws/install/mrs_uav_gazebo_simulator/share/mrs_uav_gazebo_simulator/models/mrs_robots_description/meshes/dji/f450
[1.429s] symbolically linking /home/cyrosrobot5/drone_ws/build/mrs_uav_gazebo_simulator/models/mrs_robots_description/meshes/dji/f450/dji_f450_arm.dae -> /home/cyrosrobot5/drone_ws/install/mrs_uav_gazebo_simulator/share/mrs_uav_gazebo_simulator/models/mrs_robots_description/meshes/dji/f450
[1.429s] symbolically linking /home/cyrosrobot5/drone_ws/build/mrs_uav_gazebo_simulator/models/mrs_robots_description/meshes/dji/f450/dji_f450_garmin_mount.dae -> /home/cyrosrobot5/drone_ws/install/mrs_uav_gazebo_simulator/share/mrs_uav_gazebo_simulator/models/mrs_robots_description/meshes/dji/f450
[1.429s] symbolically linking /home/cyrosrobot5/drone_ws/build/mrs_uav_gazebo_simulator/models/mrs_robots_description/meshes/dji/f450/dji_f450_bluefox_mount.dae -> /home/cyrosrobot5/drone_ws/install/mrs_uav_gazebo_simulator/share/mrs_uav_gazebo_simulator/models/mrs_robots_description/meshes/dji/f450
[1.429s] symbolically linking /home/cyrosrobot5/drone_ws/build/mrs_uav_gazebo_simulator/models/mrs_robots_description/meshes/dji/f450/dji_f450_battery_mount.dae -> /home/cyrosrobot5/drone_ws/install/mrs_uav_gazebo_simulator/share/mrs_uav_gazebo_simulator/models/mrs_robots_description/meshes/dji/f450
[1.429s] symbolically linking /home/cyrosrobot5/drone_ws/build/mrs_uav_gazebo_simulator/models/mrs_robots_description/meshes/dji/f450/dji_f450_ouster_mount.dae -> /home/cyrosrobot5/drone_ws/install/mrs_uav_gazebo_simulator/share/mrs_uav_gazebo_simulator/models/mrs_robots_description/meshes/dji/f450
[1.429s] symbolically linking /home/cyrosrobot5/drone_ws/build/mrs_uav_gazebo_simulator/models/mrs_robots_description/meshes/dji/f450/dji_f450_prop.dae -> /home/cyrosrobot5/drone_ws/install/mrs_uav_gazebo_simulator/share/mrs_uav_gazebo_simulator/models/mrs_robots_description/meshes/dji/f450
[1.429s] symbolically linking /home/cyrosrobot5/drone_ws/build/mrs_uav_gazebo_simulator/models/mrs_robots_description/meshes/dji/f450/dji_f450_nuc.dae -> /home/cyrosrobot5/drone_ws/install/mrs_uav_gazebo_simulator/share/mrs_uav_gazebo_simulator/models/mrs_robots_description/meshes/dji/f450
[1.429s] symbolically linking /home/cyrosrobot5/drone_ws/build/mrs_uav_gazebo_simulator/models/mrs_robots_description/meshes/dji/f450/dji_f450_uvdar_mount.dae -> /home/cyrosrobot5/drone_ws/install/mrs_uav_gazebo_simulator/share/mrs_uav_gazebo_simulator/models/mrs_robots_description/meshes/dji/f450
[1.429s] symbolically linking /home/cyrosrobot5/drone_ws/build/mrs_uav_gazebo_simulator/models/mrs_robots_description/meshes/dji/f450/dji_f450_realsense_front_pitched_0_mount.dae -> /home/cyrosrobot5/drone_ws/install/mrs_uav_gazebo_simulator/share/mrs_uav_gazebo_simulator/models/mrs_robots_description/meshes/dji/f450
[1.429s] symbolically linking /home/cyrosrobot5/drone_ws/build/mrs_uav_gazebo_simulator/models/mrs_robots_description/meshes/dji/f450/dji_f450_central_top.dae -> /home/cyrosrobot5/drone_ws/install/mrs_uav_gazebo_simulator/share/mrs_uav_gazebo_simulator/models/mrs_robots_description/meshes/dji/f450
[1.429s] symbolically linking /home/cyrosrobot5/drone_ws/build/mrs_uav_gazebo_simulator/models/mrs_robots_description/meshes/dji/f450/dji_f450_rplidar_mount.dae -> /home/cyrosrobot5/drone_ws/install/mrs_uav_gazebo_simulator/share/mrs_uav_gazebo_simulator/models/mrs_robots_description/meshes/dji/f450
[1.430s] symbolically linking /home/cyrosrobot5/drone_ws/build/mrs_uav_gazebo_simulator/models/mrs_robots_description/meshes/dji/f450/dji_f450_central_bottom.dae -> /home/cyrosrobot5/drone_ws/install/mrs_uav_gazebo_simulator/share/mrs_uav_gazebo_simulator/models/mrs_robots_description/meshes/dji/f450
[1.430s] symbolically linking /home/cyrosrobot5/drone_ws/build/mrs_uav_gazebo_simulator/models/mrs_robots_description/meshes/dji/f450/dji_f450_rotor.dae -> /home/cyrosrobot5/drone_ws/install/mrs_uav_gazebo_simulator/share/mrs_uav_gazebo_simulator/models/mrs_robots_description/meshes/dji/f450
[1.430s] symbolically linking /home/cyrosrobot5/drone_ws/build/mrs_uav_gazebo_simulator/models/mrs_robots_description/meshes/dji/f450/dji_f450_realsense_front_pitched_90_mount.dae -> /home/cyrosrobot5/drone_ws/install/mrs_uav_gazebo_simulator/share/mrs_uav_gazebo_simulator/models/mrs_robots_description/meshes/dji/f450
[1.430s] symbolically linking /home/cyrosrobot5/drone_ws/build/mrs_uav_gazebo_simulator/models/mrs_robots_description/meshes/dji/f450/dji_f450_leg_240mm.dae -> /home/cyrosrobot5/drone_ws/install/mrs_uav_gazebo_simulator/share/mrs_uav_gazebo_simulator/models/mrs_robots_description/meshes/dji/f450
[1.430s] creating /home/cyrosrobot5/drone_ws/install/mrs_uav_gazebo_simulator/share/mrs_uav_gazebo_simulator/models/mrs_robots_description/meshes/t_drones
[1.430s] creating /home/cyrosrobot5/drone_ws/install/mrs_uav_gazebo_simulator/share/mrs_uav_gazebo_simulator/models/mrs_robots_description/meshes/t_drones/m690b
[1.430s] symbolically linking /home/cyrosrobot5/drone_ws/build/mrs_uav_gazebo_simulator/models/mrs_robots_description/meshes/t_drones/m690b/t_drone_m690b_motor_top_part.stl -> /home/cyrosrobot5/drone_ws/install/mrs_uav_gazebo_simulator/share/mrs_uav_gazebo_simulator/models/mrs_robots_description/meshes/t_drones/m690b
[1.430s] symbolically linking /home/cyrosrobot5/drone_ws/build/mrs_uav_gazebo_simulator/models/mrs_robots_description/meshes/t_drones/m690b/m690.blend -> /home/cyrosrobot5/drone_ws/install/mrs_uav_gazebo_simulator/share/mrs_uav_gazebo_simulator/models/mrs_robots_description/meshes/t_drones/m690b
[1.430s] symbolically linking /home/cyrosrobot5/drone_ws/build/mrs_uav_gazebo_simulator/models/mrs_robots_description/meshes/t_drones/m690b/t_drone_m690b_legs.stl -> /home/cyrosrobot5/drone_ws/install/mrs_uav_gazebo_simulator/share/mrs_uav_gazebo_simulator/models/mrs_robots_description/meshes/t_drones/m690b
[1.430s] symbolically linking /home/cyrosrobot5/drone_ws/build/mrs_uav_gazebo_simulator/models/mrs_robots_description/meshes/t_drones/m690b/t_drone_m690b_propeller.stl -> /home/cyrosrobot5/drone_ws/install/mrs_uav_gazebo_simulator/share/mrs_uav_gazebo_simulator/models/mrs_robots_description/meshes/t_drones/m690b
[1.430s] symbolically linking /home/cyrosrobot5/drone_ws/build/mrs_uav_gazebo_simulator/models/mrs_robots_description/meshes/t_drones/m690b/t_drone_m690b_central_body.stl -> /home/cyrosrobot5/drone_ws/install/mrs_uav_gazebo_simulator/share/mrs_uav_gazebo_simulator/models/mrs_robots_description/meshes/t_drones/m690b
[1.431s] symbolically linking /home/cyrosrobot5/drone_ws/build/mrs_uav_gazebo_simulator/models/mrs_robots_description/meshes/t_drones/m690b/t_drone_m690b_arm.stl -> /home/cyrosrobot5/drone_ws/install/mrs_uav_gazebo_simulator/share/mrs_uav_gazebo_simulator/models/mrs_robots_description/meshes/t_drones/m690b
[1.431s] symbolically linking /home/cyrosrobot5/drone_ws/build/mrs_uav_gazebo_simulator/models/mrs_robots_description/meshes/t_drones/m690b/t_drone_m690b_battery.stl -> /home/cyrosrobot5/drone_ws/install/mrs_uav_gazebo_simulator/share/mrs_uav_gazebo_simulator/models/mrs_robots_description/meshes/t_drones/m690b
[1.431s] creating /home/cyrosrobot5/drone_ws/install/mrs_uav_gazebo_simulator/share/mrs_uav_gazebo_simulator/models/mrs_robots_description/meshes/tarot
[1.431s] creating /home/cyrosrobot5/drone_ws/install/mrs_uav_gazebo_simulator/share/mrs_uav_gazebo_simulator/models/mrs_robots_description/meshes/tarot/t650
[1.431s] symbolically linking /home/cyrosrobot5/drone_ws/build/mrs_uav_gazebo_simulator/models/mrs_robots_description/meshes/tarot/t650/tarot_t650_bottom_board.dae -> /home/cyrosrobot5/drone_ws/install/mrs_uav_gazebo_simulator/share/mrs_uav_gazebo_simulator/models/mrs_robots_description/meshes/tarot/t650
[1.431s] symbolically linking /home/cyrosrobot5/drone_ws/build/mrs_uav_gazebo_simulator/models/mrs_robots_description/meshes/tarot/t650/tarot_t650_top_board.dae -> /home/cyrosrobot5/drone_ws/install/mrs_uav_gazebo_simulator/share/mrs_uav_gazebo_simulator/models/mrs_robots_description/meshes/tarot/t650
[1.431s] symbolically linking /home/cyrosrobot5/drone_ws/build/mrs_uav_gazebo_simulator/models/mrs_robots_description/meshes/tarot/t650/tarot_t650_realsense_front_mount.dae -> /home/cyrosrobot5/drone_ws/install/mrs_uav_gazebo_simulator/share/mrs_uav_gazebo_simulator/models/mrs_robots_description/meshes/tarot/t650
[1.431s] symbolically linking /home/cyrosrobot5/drone_ws/build/mrs_uav_gazebo_simulator/models/mrs_robots_description/meshes/tarot/t650/tarot_t650_arm_red.dae -> /home/cyrosrobot5/drone_ws/install/mrs_uav_gazebo_simulator/share/mrs_uav_gazebo_simulator/models/mrs_robots_description/meshes/tarot/t650
[1.431s] symbolically linking /home/cyrosrobot5/drone_ws/build/mrs_uav_gazebo_simulator/models/mrs_robots_description/meshes/tarot/t650/tarot_t650_prop_low_poly.dae -> /home/cyrosrobot5/drone_ws/install/mrs_uav_gazebo_simulator/share/mrs_uav_gazebo_simulator/models/mrs_robots_description/meshes/tarot/t650
[1.431s] symbolically linking /home/cyrosrobot5/drone_ws/build/mrs_uav_gazebo_simulator/models/mrs_robots_description/meshes/tarot/t650/tarot_t650_motor_black.dae -> /home/cyrosrobot5/drone_ws/install/mrs_uav_gazebo_simulator/share/mrs_uav_gazebo_simulator/models/mrs_robots_description/meshes/tarot/t650
[1.431s] symbolically linking /home/cyrosrobot5/drone_ws/build/mrs_uav_gazebo_simulator/models/mrs_robots_description/meshes/tarot/t650/tarot_t650_arm_black.dae -> /home/cyrosrobot5/drone_ws/install/mrs_uav_gazebo_simulator/share/mrs_uav_gazebo_simulator/models/mrs_robots_description/meshes/tarot/t650
[1.431s] symbolically linking /home/cyrosrobot5/drone_ws/build/mrs_uav_gazebo_simulator/models/mrs_robots_description/meshes/tarot/t650/tarot_t650_nuc.dae -> /home/cyrosrobot5/drone_ws/install/mrs_uav_gazebo_simulator/share/mrs_uav_gazebo_simulator/models/mrs_robots_description/meshes/tarot/t650
[1.432s] symbolically linking /home/cyrosrobot5/drone_ws/build/mrs_uav_gazebo_simulator/models/mrs_robots_description/meshes/tarot/t650/tarot_t650_bluefox_garmin_mount.dae -> /home/cyrosrobot5/drone_ws/install/mrs_uav_gazebo_simulator/share/mrs_uav_gazebo_simulator/models/mrs_robots_description/meshes/tarot/t650
[1.432s] symbolically linking /home/cyrosrobot5/drone_ws/build/mrs_uav_gazebo_simulator/models/mrs_robots_description/meshes/tarot/t650/tarot_t650_leg_short.dae -> /home/cyrosrobot5/drone_ws/install/mrs_uav_gazebo_simulator/share/mrs_uav_gazebo_simulator/models/mrs_robots_description/meshes/tarot/t650
[1.432s] symbolically linking /home/cyrosrobot5/drone_ws/build/mrs_uav_gazebo_simulator/models/mrs_robots_description/meshes/tarot/t650/tarot_t650_leg.dae -> /home/cyrosrobot5/drone_ws/install/mrs_uav_gazebo_simulator/share/mrs_uav_gazebo_simulator/models/mrs_robots_description/meshes/tarot/t650
[1.432s] symbolically linking /home/cyrosrobot5/drone_ws/build/mrs_uav_gazebo_simulator/models/mrs_robots_description/meshes/tarot/t650/tarot_t650_ouster_mount.dae -> /home/cyrosrobot5/drone_ws/install/mrs_uav_gazebo_simulator/share/mrs_uav_gazebo_simulator/models/mrs_robots_description/meshes/tarot/t650
[1.432s] symbolically linking /home/cyrosrobot5/drone_ws/build/mrs_uav_gazebo_simulator/models/mrs_robots_description/meshes/tarot/t650/tarot_t650_motor_orange.dae -> /home/cyrosrobot5/drone_ws/install/mrs_uav_gazebo_simulator/share/mrs_uav_gazebo_simulator/models/mrs_robots_description/meshes/tarot/t650
[1.432s] symbolically linking /home/cyrosrobot5/drone_ws/build/mrs_uav_gazebo_simulator/models/mrs_robots_description/meshes/tarot/t650/tarot_t650_battery_mount.dae -> /home/cyrosrobot5/drone_ws/install/mrs_uav_gazebo_simulator/share/mrs_uav_gazebo_simulator/models/mrs_robots_description/meshes/tarot/t650
[1.432s] symbolically linking /home/cyrosrobot5/drone_ws/build/mrs_uav_gazebo_simulator/models/mrs_robots_description/meshes/tarot/t650/tarot_t650_rplidar_mount.dae -> /home/cyrosrobot5/drone_ws/install/mrs_uav_gazebo_simulator/share/mrs_uav_gazebo_simulator/models/mrs_robots_description/meshes/tarot/t650
[1.432s] creating /home/cyrosrobot5/drone_ws/install/mrs_uav_gazebo_simulator/share/mrs_uav_gazebo_simulator/models/mrs_robots_description/meshes/holybro
[1.432s] symbolically linking /home/cyrosrobot5/drone_ws/build/mrs_uav_gazebo_simulator/models/mrs_robots_description/meshes/holybro/holybro_x500_arm.dae -> /home/cyrosrobot5/drone_ws/install/mrs_uav_gazebo_simulator/share/mrs_uav_gazebo_simulator/models/mrs_robots_description/meshes/holybro
[1.432s] symbolically linking /home/cyrosrobot5/drone_ws/build/mrs_uav_gazebo_simulator/models/mrs_robots_description/meshes/holybro/holybro_x500_motor.dae -> /home/cyrosrobot5/drone_ws/install/mrs_uav_gazebo_simulator/share/mrs_uav_gazebo_simulator/models/mrs_robots_description/meshes/holybro
[1.432s] symbolically linking /home/cyrosrobot5/drone_ws/build/mrs_uav_gazebo_simulator/models/mrs_robots_description/meshes/holybro/holybro_x500_prop.dae -> /home/cyrosrobot5/drone_ws/install/mrs_uav_gazebo_simulator/share/mrs_uav_gazebo_simulator/models/mrs_robots_description/meshes/holybro
[1.432s] symbolically linking /home/cyrosrobot5/drone_ws/build/mrs_uav_gazebo_simulator/models/mrs_robots_description/meshes/holybro/holybro_x500_top_board.dae -> /home/cyrosrobot5/drone_ws/install/mrs_uav_gazebo_simulator/share/mrs_uav_gazebo_simulator/models/mrs_robots_description/meshes/holybro
[1.433s] symbolically linking /home/cyrosrobot5/drone_ws/build/mrs_uav_gazebo_simulator/models/mrs_robots_description/meshes/holybro/holybro_x500_leg.dae -> /home/cyrosrobot5/drone_ws/install/mrs_uav_gazebo_simulator/share/mrs_uav_gazebo_simulator/models/mrs_robots_description/meshes/holybro
[1.433s] symbolically linking /home/cyrosrobot5/drone_ws/build/mrs_uav_gazebo_simulator/models/mrs_robots_description/meshes/holybro/holybro_x500_rplidar_mount.dae -> /home/cyrosrobot5/drone_ws/install/mrs_uav_gazebo_simulator/share/mrs_uav_gazebo_simulator/models/mrs_robots_description/meshes/holybro
[1.433s] symbolically linking /home/cyrosrobot5/drone_ws/build/mrs_uav_gazebo_simulator/models/mrs_robots_description/meshes/holybro/holybro_x500_pc_mount.dae -> /home/cyrosrobot5/drone_ws/install/mrs_uav_gazebo_simulator/share/mrs_uav_gazebo_simulator/models/mrs_robots_description/meshes/holybro
[1.433s] symbolically linking /home/cyrosrobot5/drone_ws/build/mrs_uav_gazebo_simulator/models/mrs_robots_description/meshes/holybro/holybro_x500_battery.dae -> /home/cyrosrobot5/drone_ws/install/mrs_uav_gazebo_simulator/share/mrs_uav_gazebo_simulator/models/mrs_robots_description/meshes/holybro
[1.433s] symbolically linking /home/cyrosrobot5/drone_ws/build/mrs_uav_gazebo_simulator/models/mrs_robots_description/meshes/holybro/holybro_x500_bottom_board.dae -> /home/cyrosrobot5/drone_ws/install/mrs_uav_gazebo_simulator/share/mrs_uav_gazebo_simulator/models/mrs_robots_description/meshes/holybro
[1.433s] creating /home/cyrosrobot5/drone_ws/install/mrs_uav_gazebo_simulator/share/mrs_uav_gazebo_simulator/models/mrs_robots_description/textures
[1.433s] symbolically linking /home/cyrosrobot5/drone_ws/build/mrs_uav_gazebo_simulator/models/mrs_robots_description/textures/whycon_blob.png -> /home/cyrosrobot5/drone_ws/install/mrs_uav_gazebo_simulator/share/mrs_uav_gazebo_simulator/models/mrs_robots_description/textures
[1.433s] symbolically linking /home/cyrosrobot5/drone_ws/build/mrs_uav_gazebo_simulator/models/mrs_robots_description/textures/Carbon.jpg -> /home/cyrosrobot5/drone_ws/install/mrs_uav_gazebo_simulator/share/mrs_uav_gazebo_simulator/models/mrs_robots_description/textures
[1.433s] symbolically linking /home/cyrosrobot5/drone_ws/build/mrs_uav_gazebo_simulator/models/mrs_robots_description/textures/LightGrey.jpg -> /home/cyrosrobot5/drone_ws/install/mrs_uav_gazebo_simulator/share/mrs_uav_gazebo_simulator/models/mrs_robots_description/textures
[1.433s] symbolically linking /home/cyrosrobot5/drone_ws/build/mrs_uav_gazebo_simulator/models/mrs_robots_description/textures/Orange.jpg -> /home/cyrosrobot5/drone_ws/install/mrs_uav_gazebo_simulator/share/mrs_uav_gazebo_simulator/models/mrs_robots_description/textures
[1.433s] symbolically linking /home/cyrosrobot5/drone_ws/build/mrs_uav_gazebo_simulator/models/mrs_robots_description/textures/DarkGreen.jpg -> /home/cyrosrobot5/drone_ws/install/mrs_uav_gazebo_simulator/share/mrs_uav_gazebo_simulator/models/mrs_robots_description/textures
[1.433s] symbolically linking /home/cyrosrobot5/drone_ws/build/mrs_uav_gazebo_simulator/models/mrs_robots_description/textures/DarkRed.jpg -> /home/cyrosrobot5/drone_ws/install/mrs_uav_gazebo_simulator/share/mrs_uav_gazebo_simulator/models/mrs_robots_description/textures
[1.433s] symbolically linking /home/cyrosrobot5/drone_ws/build/mrs_uav_gazebo_simulator/models/mrs_robots_description/textures/DarkGrey.jpg -> /home/cyrosrobot5/drone_ws/install/mrs_uav_gazebo_simulator/share/mrs_uav_gazebo_simulator/models/mrs_robots_description/textures
[1.433s] symbolically linking /home/cyrosrobot5/drone_ws/build/mrs_uav_gazebo_simulator/models/mrs_robots_description/textures/rick.jpg -> /home/cyrosrobot5/drone_ws/install/mrs_uav_gazebo_simulator/share/mrs_uav_gazebo_simulator/models/mrs_robots_description/textures
[1.433s] symbolically linking /home/cyrosrobot5/drone_ws/build/mrs_uav_gazebo_simulator/models/mrs_robots_description/textures/Gold.jpg -> /home/cyrosrobot5/drone_ws/install/mrs_uav_gazebo_simulator/share/mrs_uav_gazebo_simulator/models/mrs_robots_description/textures
[1.434s] creating /home/cyrosrobot5/drone_ws/install/mrs_uav_gazebo_simulator/share/mrs_uav_gazebo_simulator/models/mrs_robots_description/sdf
[1.434s] symbolically linking /home/cyrosrobot5/drone_ws/build/mrs_uav_gazebo_simulator/models/mrs_robots_description/sdf/README.md -> /home/cyrosrobot5/drone_ws/install/mrs_uav_gazebo_simulator/share/mrs_uav_gazebo_simulator/models/mrs_robots_description/sdf
[1.434s] symbolically linking /home/cyrosrobot5/drone_ws/build/mrs_uav_gazebo_simulator/models/mrs_robots_description/sdf/.gitignore -> /home/cyrosrobot5/drone_ws/install/mrs_uav_gazebo_simulator/share/mrs_uav_gazebo_simulator/models/mrs_robots_description/sdf
[1.434s] creating /home/cyrosrobot5/drone_ws/install/mrs_uav_gazebo_simulator/share/mrs_uav_gazebo_simulator/models/mrs_robots_description/sdf/drones
[1.434s] symbolically linking /home/cyrosrobot5/drone_ws/build/mrs_uav_gazebo_simulator/models/mrs_robots_description/sdf/drones/m690.sdf.jinja -> /home/cyrosrobot5/drone_ws/install/mrs_uav_gazebo_simulator/share/mrs_uav_gazebo_simulator/models/mrs_robots_description/sdf/drones
[1.434s] symbolically linking /home/cyrosrobot5/drone_ws/build/mrs_uav_gazebo_simulator/models/mrs_robots_description/sdf/drones/naki.sdf.jinja -> /home/cyrosrobot5/drone_ws/install/mrs_uav_gazebo_simulator/share/mrs_uav_gazebo_simulator/models/mrs_robots_description/sdf/drones
[1.434s] symbolically linking /home/cyrosrobot5/drone_ws/build/mrs_uav_gazebo_simulator/models/mrs_robots_description/sdf/drones/robofly.sdf.jinja -> /home/cyrosrobot5/drone_ws/install/mrs_uav_gazebo_simulator/share/mrs_uav_gazebo_simulator/models/mrs_robots_description/sdf/drones
[1.434s] symbolically linking /home/cyrosrobot5/drone_ws/build/mrs_uav_gazebo_simulator/models/mrs_robots_description/sdf/drones/f450.sdf.jinja -> /home/cyrosrobot5/drone_ws/install/mrs_uav_gazebo_simulator/share/mrs_uav_gazebo_simulator/models/mrs_robots_description/sdf/drones
[1.434s] symbolically linking /home/cyrosrobot5/drone_ws/build/mrs_uav_gazebo_simulator/models/mrs_robots_description/sdf/drones/f330.sdf.jinja -> /home/cyrosrobot5/drone_ws/install/mrs_uav_gazebo_simulator/share/mrs_uav_gazebo_simulator/models/mrs_robots_description/sdf/drones
[1.434s] symbolically linking /home/cyrosrobot5/drone_ws/build/mrs_uav_gazebo_simulator/models/mrs_robots_description/sdf/drones/f550.sdf.jinja -> /home/cyrosrobot5/drone_ws/install/mrs_uav_gazebo_simulator/share/mrs_uav_gazebo_simulator/models/mrs_robots_description/sdf/drones
[1.434s] symbolically linking /home/cyrosrobot5/drone_ws/build/mrs_uav_gazebo_simulator/models/mrs_robots_description/sdf/drones/t650.sdf.jinja -> /home/cyrosrobot5/drone_ws/install/mrs_uav_gazebo_simulator/share/mrs_uav_gazebo_simulator/models/mrs_robots_description/sdf/drones
[1.434s] symbolically linking /home/cyrosrobot5/drone_ws/build/mrs_uav_gazebo_simulator/models/mrs_robots_description/sdf/drones/x500.sdf.jinja -> /home/cyrosrobot5/drone_ws/install/mrs_uav_gazebo_simulator/share/mrs_uav_gazebo_simulator/models/mrs_robots_description/sdf/drones
[1.434s] creating /home/cyrosrobot5/drone_ws/install/mrs_uav_gazebo_simulator/share/mrs_uav_gazebo_simulator/models/mrs_robots_description/sdf/components
[1.434s] symbolically linking /home/cyrosrobot5/drone_ws/build/mrs_uav_gazebo_simulator/models/mrs_robots_description/sdf/components/generic_components.sdf.jinja -> /home/cyrosrobot5/drone_ws/install/mrs_uav_gazebo_simulator/share/mrs_uav_gazebo_simulator/models/mrs_robots_description/sdf/components
[1.434s] symbolically linking /home/cyrosrobot5/drone_ws/build/mrs_uav_gazebo_simulator/models/mrs_robots_description/sdf/components/component_snippets.sdf.jinja -> /home/cyrosrobot5/drone_ws/install/mrs_uav_gazebo_simulator/share/mrs_uav_gazebo_simulator/models/mrs_robots_description/sdf/components
[1.434s] creating /home/cyrosrobot5/drone_ws/install/mrs_uav_gazebo_simulator/share/mrs_uav_gazebo_simulator/models/mrs_robots_description/sdf/components/lidar
[1.434s] creating /home/cyrosrobot5/drone_ws/install/mrs_uav_gazebo_simulator/share/mrs_uav_gazebo_simulator/models/mrs_robots_description/sdf/components/lidar/ouster
[1.434s] symbolically linking /home/cyrosrobot5/drone_ws/build/mrs_uav_gazebo_simulator/models/mrs_robots_description/sdf/components/lidar/ouster/ouster.sdf.jinja -> /home/cyrosrobot5/drone_ws/install/mrs_uav_gazebo_simulator/share/mrs_uav_gazebo_simulator/models/mrs_robots_description/sdf/components/lidar/ouster
[1.434s] creating /home/cyrosrobot5/drone_ws/install/mrs_uav_gazebo_simulator/share/mrs_uav_gazebo_simulator/models/mrs_robots_description/sdf/components/lidar/velodyne
[1.434s] symbolically linking /home/cyrosrobot5/drone_ws/build/mrs_uav_gazebo_simulator/models/mrs_robots_description/sdf/components/lidar/velodyne/velodyne.sdf.jinja -> /home/cyrosrobot5/drone_ws/install/mrs_uav_gazebo_simulator/share/mrs_uav_gazebo_simulator/models/mrs_robots_description/sdf/components/lidar/velodyne
[1.434s] creating /home/cyrosrobot5/drone_ws/install/mrs_uav_gazebo_simulator/share/mrs_uav_gazebo_simulator/models/mrs_robots_description/sdf/components/lidar/scanse_sweep
[1.434s] symbolically linking /home/cyrosrobot5/drone_ws/build/mrs_uav_gazebo_simulator/models/mrs_robots_description/sdf/components/lidar/scanse_sweep/scanse_sweep.sdf.jinja -> /home/cyrosrobot5/drone_ws/install/mrs_uav_gazebo_simulator/share/mrs_uav_gazebo_simulator/models/mrs_robots_description/sdf/components/lidar/scanse_sweep
[1.434s] creating /home/cyrosrobot5/drone_ws/install/mrs_uav_gazebo_simulator/share/mrs_uav_gazebo_simulator/models/mrs_robots_description/sdf/components/lidar/rplidar
[1.434s] symbolically linking /home/cyrosrobot5/drone_ws/build/mrs_uav_gazebo_simulator/models/mrs_robots_description/sdf/components/lidar/rplidar/rplidar.sdf.jinja -> /home/cyrosrobot5/drone_ws/install/mrs_uav_gazebo_simulator/share/mrs_uav_gazebo_simulator/models/mrs_robots_description/sdf/components/lidar/rplidar
[1.434s] creating /home/cyrosrobot5/drone_ws/install/mrs_uav_gazebo_simulator/share/mrs_uav_gazebo_simulator/models/mrs_robots_description/sdf/components/camera
[1.435s] creating /home/cyrosrobot5/drone_ws/install/mrs_uav_gazebo_simulator/share/mrs_uav_gazebo_simulator/models/mrs_robots_description/sdf/components/camera/mobius
[1.435s] symbolically linking /home/cyrosrobot5/drone_ws/build/mrs_uav_gazebo_simulator/models/mrs_robots_description/sdf/components/camera/mobius/mobius.sdf.jinja -> /home/cyrosrobot5/drone_ws/install/mrs_uav_gazebo_simulator/share/mrs_uav_gazebo_simulator/models/mrs_robots_description/sdf/components/camera/mobius
[1.435s] creating /home/cyrosrobot5/drone_ws/install/mrs_uav_gazebo_simulator/share/mrs_uav_gazebo_simulator/models/mrs_robots_description/sdf/components/camera/oak
[1.435s] symbolically linking /home/cyrosrobot5/drone_ws/build/mrs_uav_gazebo_simulator/models/mrs_robots_description/sdf/components/camera/oak/oak_d.sdf.jinja -> /home/cyrosrobot5/drone_ws/install/mrs_uav_gazebo_simulator/share/mrs_uav_gazebo_simulator/models/mrs_robots_description/sdf/components/camera/oak
[1.435s] creating /home/cyrosrobot5/drone_ws/install/mrs_uav_gazebo_simulator/share/mrs_uav_gazebo_simulator/models/mrs_robots_description/sdf/components/camera/realsense
[1.435s] symbolically linking /home/cyrosrobot5/drone_ws/build/mrs_uav_gazebo_simulator/models/mrs_robots_description/sdf/components/camera/realsense/realsense_rgbd_single_plugin.sdf.jinja -> /home/cyrosrobot5/drone_ws/install/mrs_uav_gazebo_simulator/share/mrs_uav_gazebo_simulator/models/mrs_robots_description/sdf/components/camera/realsense
[1.435s] symbolically linking /home/cyrosrobot5/drone_ws/build/mrs_uav_gazebo_simulator/models/mrs_robots_description/sdf/components/camera/realsense/realsense_rgb_plus_depth.sdf.jinja -> /home/cyrosrobot5/drone_ws/install/mrs_uav_gazebo_simulator/share/mrs_uav_gazebo_simulator/models/mrs_robots_description/sdf/components/camera/realsense
[1.435s] symbolically linking /home/cyrosrobot5/drone_ws/build/mrs_uav_gazebo_simulator/models/mrs_robots_description/sdf/components/camera/realsense/realsense_depth_only.sdf.jinja -> /home/cyrosrobot5/drone_ws/install/mrs_uav_gazebo_simulator/share/mrs_uav_gazebo_simulator/models/mrs_robots_description/sdf/components/camera/realsense
[1.435s] creating /home/cyrosrobot5/drone_ws/install/mrs_uav_gazebo_simulator/share/mrs_uav_gazebo_simulator/models/mrs_robots_description/sdf/components/camera/bluefox
[1.435s] symbolically linking /home/cyrosrobot5/drone_ws/build/mrs_uav_gazebo_simulator/models/mrs_robots_description/sdf/components/camera/bluefox/bluefox.sdf.jinja -> /home/cyrosrobot5/drone_ws/install/mrs_uav_gazebo_simulator/share/mrs_uav_gazebo_simulator/models/mrs_robots_description/sdf/components/camera/bluefox
[1.435s] creating /home/cyrosrobot5/drone_ws/install/mrs_uav_gazebo_simulator/share/mrs_uav_gazebo_simulator/models/mrs_robots_description/sdf/components/rangefinder
[1.435s] creating /home/cyrosrobot5/drone_ws/install/mrs_uav_gazebo_simulator/share/mrs_uav_gazebo_simulator/models/mrs_robots_description/sdf/components/rangefinder/garmin
[1.435s] symbolically linking /home/cyrosrobot5/drone_ws/build/mrs_uav_gazebo_simulator/models/mrs_robots_description/sdf/components/rangefinder/garmin/garmin_down_external.sdf.jinja -> /home/cyrosrobot5/drone_ws/install/mrs_uav_gazebo_simulator/share/mrs_uav_gazebo_simulator/models/mrs_robots_description/sdf/components/rangefinder/garmin
[1.435s] symbolically linking /home/cyrosrobot5/drone_ws/build/mrs_uav_gazebo_simulator/models/mrs_robots_description/sdf/components/rangefinder/garmin/garmin_up_external.sdf.jinja -> /home/cyrosrobot5/drone_ws/install/mrs_uav_gazebo_simulator/share/mrs_uav_gazebo_simulator/models/mrs_robots_description/sdf/components/rangefinder/garmin
[1.435s] symbolically linking /home/cyrosrobot5/drone_ws/build/mrs_uav_gazebo_simulator/models/mrs_robots_description/sdf/components/rangefinder/garmin/garmin_down_pixhawk.sdf.jinja -> /home/cyrosrobot5/drone_ws/install/mrs_uav_gazebo_simulator/share/mrs_uav_gazebo_simulator/models/mrs_robots_description/sdf/components/rangefinder/garmin
[1.435s] creating /home/cyrosrobot5/drone_ws/install/mrs_uav_gazebo_simulator/share/mrs_uav_gazebo_simulator/models/mrs_robots_description/materials
[1.435s] symbolically linking /home/cyrosrobot5/drone_ws/build/mrs_uav_gazebo_simulator/models/mrs_robots_description/materials/mrs.material -> /home/cyrosrobot5/drone_ws/install/mrs_uav_gazebo_simulator/share/mrs_uav_gazebo_simulator/models/mrs_robots_description/materials
[1.435s] creating /home/cyrosrobot5/drone_ws/install/mrs_uav_gazebo_simulator/share/mrs_uav_gazebo_simulator/ROMFS
[1.435s] creating /home/cyrosrobot5/drone_ws/install/mrs_uav_gazebo_simulator/share/mrs_uav_gazebo_simulator/ROMFS/px4fmu_common
[1.435s] creating /home/cyrosrobot5/drone_ws/install/mrs_uav_gazebo_simulator/share/mrs_uav_gazebo_simulator/ROMFS/px4fmu_common/init.d
[1.435s] symbolically linking /home/cyrosrobot5/drone_ws/build/mrs_uav_gazebo_simulator/ROMFS/px4fmu_common/init.d/rc.mc_defaults -> /home/cyrosrobot5/drone_ws/install/mrs_uav_gazebo_simulator/share/mrs_uav_gazebo_simulator/ROMFS/px4fmu_common/init.d
[1.435s] symbolically linking /home/cyrosrobot5/drone_ws/build/mrs_uav_gazebo_simulator/ROMFS/px4fmu_common/init.d/rc.vehicle_setup -> /home/cyrosrobot5/drone_ws/install/mrs_uav_gazebo_simulator/share/mrs_uav_gazebo_simulator/ROMFS/px4fmu_common/init.d
[1.436s] symbolically linking /home/cyrosrobot5/drone_ws/build/mrs_uav_gazebo_simulator/ROMFS/px4fmu_common/init.d/rc.logging -> /home/cyrosrobot5/drone_ws/install/mrs_uav_gazebo_simulator/share/mrs_uav_gazebo_simulator/ROMFS/px4fmu_common/init.d
[1.436s] symbolically linking /home/cyrosrobot5/drone_ws/build/mrs_uav_gazebo_simulator/ROMFS/px4fmu_common/init.d/rc.mc_apps -> /home/cyrosrobot5/drone_ws/install/mrs_uav_gazebo_simulator/share/mrs_uav_gazebo_simulator/ROMFS/px4fmu_common/init.d
[1.436s] creating /home/cyrosrobot5/drone_ws/install/mrs_uav_gazebo_simulator/share/mrs_uav_gazebo_simulator/ROMFS/px4fmu_common/init.d-posix
[1.436s] symbolically linking /home/cyrosrobot5/drone_ws/build/mrs_uav_gazebo_simulator/ROMFS/px4fmu_common/init.d-posix/rcS -> /home/cyrosrobot5/drone_ws/install/mrs_uav_gazebo_simulator/share/mrs_uav_gazebo_simulator/ROMFS/px4fmu_common/init.d-posix
[1.436s] symbolically linking /home/cyrosrobot5/drone_ws/build/mrs_uav_gazebo_simulator/ROMFS/px4fmu_common/init.d-posix/rc.replay -> /home/cyrosrobot5/drone_ws/install/mrs_uav_gazebo_simulator/share/mrs_uav_gazebo_simulator/ROMFS/px4fmu_common/init.d-posix
[1.436s] symbolically linking /home/cyrosrobot5/drone_ws/build/mrs_uav_gazebo_simulator/ROMFS/px4fmu_common/init.d-posix/px4-rc.mavlink -> /home/cyrosrobot5/drone_ws/install/mrs_uav_gazebo_simulator/share/mrs_uav_gazebo_simulator/ROMFS/px4fmu_common/init.d-posix
[1.436s] symbolically linking /home/cyrosrobot5/drone_ws/build/mrs_uav_gazebo_simulator/ROMFS/px4fmu_common/init.d-posix/px4-rc.mavlink_qgc -> /home/cyrosrobot5/drone_ws/install/mrs_uav_gazebo_simulator/share/mrs_uav_gazebo_simulator/ROMFS/px4fmu_common/init.d-posix
[1.436s] symbolically linking /home/cyrosrobot5/drone_ws/build/mrs_uav_gazebo_simulator/ROMFS/px4fmu_common/init.d-posix/px4-rc.simulator -> /home/cyrosrobot5/drone_ws/install/mrs_uav_gazebo_simulator/share/mrs_uav_gazebo_simulator/ROMFS/px4fmu_common/init.d-posix
[1.436s] symbolically linking /home/cyrosrobot5/drone_ws/build/mrs_uav_gazebo_simulator/ROMFS/px4fmu_common/init.d-posix/px4-rc.params -> /home/cyrosrobot5/drone_ws/install/mrs_uav_gazebo_simulator/share/mrs_uav_gazebo_simulator/ROMFS/px4fmu_common/init.d-posix
[1.436s] symbolically linking /home/cyrosrobot5/drone_ws/build/mrs_uav_gazebo_simulator/ROMFS/px4fmu_common/init.d-posix/px4-rc.gzsim -> /home/cyrosrobot5/drone_ws/install/mrs_uav_gazebo_simulator/share/mrs_uav_gazebo_simulator/ROMFS/px4fmu_common/init.d-posix
[1.436s] symbolically linking /home/cyrosrobot5/drone_ws/build/mrs_uav_gazebo_simulator/ROMFS/px4fmu_common/init.d-posix/px4-rc.mavlinksim -> /home/cyrosrobot5/drone_ws/install/mrs_uav_gazebo_simulator/share/mrs_uav_gazebo_simulator/ROMFS/px4fmu_common/init.d-posix
[1.436s] symbolically linking /home/cyrosrobot5/drone_ws/build/mrs_uav_gazebo_simulator/ROMFS/px4fmu_common/init.d-posix/px4-rc.jmavsim -> /home/cyrosrobot5/drone_ws/install/mrs_uav_gazebo_simulator/share/mrs_uav_gazebo_simulator/ROMFS/px4fmu_common/init.d-posix
[1.436s] symbolically linking /home/cyrosrobot5/drone_ws/build/mrs_uav_gazebo_simulator/ROMFS/px4fmu_common/init.d-posix/px4-rc.sihsim -> /home/cyrosrobot5/drone_ws/install/mrs_uav_gazebo_simulator/share/mrs_uav_gazebo_simulator/ROMFS/px4fmu_common/init.d-posix
[1.436s] creating /home/cyrosrobot5/drone_ws/install/mrs_uav_gazebo_simulator/share/mrs_uav_gazebo_simulator/ROMFS/px4fmu_common/init.d-posix/airframes
[1.436s] symbolically linking /home/cyrosrobot5/drone_ws/build/mrs_uav_gazebo_simulator/ROMFS/px4fmu_common/init.d-posix/airframes/4001_f330 -> /home/cyrosrobot5/drone_ws/install/mrs_uav_gazebo_simulator/share/mrs_uav_gazebo_simulator/ROMFS/px4fmu_common/init.d-posix/airframes
[1.436s] symbolically linking /home/cyrosrobot5/drone_ws/build/mrs_uav_gazebo_simulator/ROMFS/px4fmu_common/init.d-posix/airframes/6001_f550 -> /home/cyrosrobot5/drone_ws/install/mrs_uav_gazebo_simulator/share/mrs_uav_gazebo_simulator/ROMFS/px4fmu_common/init.d-posix/airframes
[1.436s] symbolically linking /home/cyrosrobot5/drone_ws/build/mrs_uav_gazebo_simulator/ROMFS/px4fmu_common/init.d-posix/airframes/8002_eaglemk2 -> /home/cyrosrobot5/drone_ws/install/mrs_uav_gazebo_simulator/share/mrs_uav_gazebo_simulator/ROMFS/px4fmu_common/init.d-posix/airframes
[1.436s] symbolically linking /home/cyrosrobot5/drone_ws/build/mrs_uav_gazebo_simulator/ROMFS/px4fmu_common/init.d-posix/airframes/12001_big_dofec -> /home/cyrosrobot5/drone_ws/install/mrs_uav_gazebo_simulator/share/mrs_uav_gazebo_simulator/ROMFS/px4fmu_common/init.d-posix/airframes
[1.436s] symbolically linking /home/cyrosrobot5/drone_ws/build/mrs_uav_gazebo_simulator/ROMFS/px4fmu_common/init.d-posix/airframes/4001_x500 -> /home/cyrosrobot5/drone_ws/install/mrs_uav_gazebo_simulator/share/mrs_uav_gazebo_simulator/ROMFS/px4fmu_common/init.d-posix/airframes
[1.436s] symbolically linking /home/cyrosrobot5/drone_ws/build/mrs_uav_gazebo_simulator/ROMFS/px4fmu_common/init.d-posix/airframes/4001_t650 -> /home/cyrosrobot5/drone_ws/install/mrs_uav_gazebo_simulator/share/mrs_uav_gazebo_simulator/ROMFS/px4fmu_common/init.d-posix/airframes
[1.436s] symbolically linking /home/cyrosrobot5/drone_ws/build/mrs_uav_gazebo_simulator/ROMFS/px4fmu_common/init.d-posix/airframes/4001_m690 -> /home/cyrosrobot5/drone_ws/install/mrs_uav_gazebo_simulator/share/mrs_uav_gazebo_simulator/ROMFS/px4fmu_common/init.d-posix/airframes
[1.436s] symbolically linking /home/cyrosrobot5/drone_ws/build/mrs_uav_gazebo_simulator/ROMFS/px4fmu_common/init.d-posix/airframes/4001_f450 -> /home/cyrosrobot5/drone_ws/install/mrs_uav_gazebo_simulator/share/mrs_uav_gazebo_simulator/ROMFS/px4fmu_common/init.d-posix/airframes
[1.436s] symbolically linking /home/cyrosrobot5/drone_ws/build/mrs_uav_gazebo_simulator/ROMFS/px4fmu_common/init.d-posix/airframes/4001_robofly -> /home/cyrosrobot5/drone_ws/install/mrs_uav_gazebo_simulator/share/mrs_uav_gazebo_simulator/ROMFS/px4fmu_common/init.d-posix/airframes
[1.437s] symbolically linking /home/cyrosrobot5/drone_ws/build/mrs_uav_gazebo_simulator/ROMFS/px4fmu_common/init.d-posix/airframes/12001_naki -> /home/cyrosrobot5/drone_ws/install/mrs_uav_gazebo_simulator/share/mrs_uav_gazebo_simulator/ROMFS/px4fmu_common/init.d-posix/airframes
[1.437s] symbolically linking /home/cyrosrobot5/drone_ws/build/mrs_uav_gazebo_simulator/ROMFS/px4fmu_common/init.d-posix/airframes/11001_brus -> /home/cyrosrobot5/drone_ws/install/mrs_uav_gazebo_simulator/share/mrs_uav_gazebo_simulator/ROMFS/px4fmu_common/init.d-posix/airframes
[1.437s] symbolically linking /home/cyrosrobot5/drone_ws/build/mrs_uav_gazebo_simulator/ROMFS/px4fmu_common/init.d-posix/airframes/4001_a300 -> /home/cyrosrobot5/drone_ws/install/mrs_uav_gazebo_simulator/share/mrs_uav_gazebo_simulator/ROMFS/px4fmu_common/init.d-posix/airframes
[1.437s] creating /home/cyrosrobot5/drone_ws/install/mrs_uav_gazebo_simulator/share/mrs_uav_gazebo_simulator/tmux
[1.437s] creating /home/cyrosrobot5/drone_ws/install/mrs_uav_gazebo_simulator/share/mrs_uav_gazebo_simulator/tmux/one_drone
[1.437s] symbolically linking /home/cyrosrobot5/drone_ws/build/mrs_uav_gazebo_simulator/tmux/one_drone/rviz.rviz -> /home/cyrosrobot5/drone_ws/install/mrs_uav_gazebo_simulator/share/mrs_uav_gazebo_simulator/tmux/one_drone
[1.437s] symbolically linking /home/cyrosrobot5/drone_ws/build/mrs_uav_gazebo_simulator/tmux/one_drone/start.sh -> /home/cyrosrobot5/drone_ws/install/mrs_uav_gazebo_simulator/share/mrs_uav_gazebo_simulator/tmux/one_drone
[1.437s] symbolically linking /home/cyrosrobot5/drone_ws/build/mrs_uav_gazebo_simulator/tmux/one_drone/kill.sh -> /home/cyrosrobot5/drone_ws/install/mrs_uav_gazebo_simulator/share/mrs_uav_gazebo_simulator/tmux/one_drone
[1.437s] symbolically linking /home/cyrosrobot5/drone_ws/build/mrs_uav_gazebo_simulator/tmux/one_drone/session.yml -> /home/cyrosrobot5/drone_ws/install/mrs_uav_gazebo_simulator/share/mrs_uav_gazebo_simulator/tmux/one_drone
[1.437s] symbolically linking /home/cyrosrobot5/drone_ws/build/mrs_uav_gazebo_simulator/tmux/one_drone/layout.json -> /home/cyrosrobot5/drone_ws/install/mrs_uav_gazebo_simulator/share/mrs_uav_gazebo_simulator/tmux/one_drone
[1.437s] symbolically linking /home/cyrosrobot5/drone_ws/build/mrs_uav_gazebo_simulator/tmux/one_drone/takeoff.sh -> /home/cyrosrobot5/drone_ws/install/mrs_uav_gazebo_simulator/share/mrs_uav_gazebo_simulator/tmux/one_drone
[1.437s] creating /home/cyrosrobot5/drone_ws/install/mrs_uav_gazebo_simulator/share/mrs_uav_gazebo_simulator/tmux/one_drone/custom_status
[1.437s] symbolically linking /home/cyrosrobot5/drone_ws/build/mrs_uav_gazebo_simulator/tmux/one_drone/custom_status/sim_status.py -> /home/cyrosrobot5/drone_ws/install/mrs_uav_gazebo_simulator/share/mrs_uav_gazebo_simulator/tmux/one_drone/custom_status
[1.437s] creating /home/cyrosrobot5/drone_ws/install/mrs_uav_gazebo_simulator/share/mrs_uav_gazebo_simulator/tmux/one_drone/config
[1.437s] symbolically linking /home/cyrosrobot5/drone_ws/build/mrs_uav_gazebo_simulator/tmux/one_drone/config/automatic_start.yaml -> /home/cyrosrobot5/drone_ws/install/mrs_uav_gazebo_simulator/share/mrs_uav_gazebo_simulator/tmux/one_drone/config
[1.437s] symbolically linking /home/cyrosrobot5/drone_ws/build/mrs_uav_gazebo_simulator/tmux/one_drone/config/custom_config.yaml -> /home/cyrosrobot5/drone_ws/install/mrs_uav_gazebo_simulator/share/mrs_uav_gazebo_simulator/tmux/one_drone/config
[1.437s] symbolically linking /home/cyrosrobot5/drone_ws/build/mrs_uav_gazebo_simulator/tmux/one_drone/config/network_config.yaml -> /home/cyrosrobot5/drone_ws/install/mrs_uav_gazebo_simulator/share/mrs_uav_gazebo_simulator/tmux/one_drone/config
[1.437s] symbolically linking /home/cyrosrobot5/drone_ws/build/mrs_uav_gazebo_simulator/tmux/one_drone/config/world_config.yaml -> /home/cyrosrobot5/drone_ws/install/mrs_uav_gazebo_simulator/share/mrs_uav_gazebo_simulator/tmux/one_drone/config
[1.437s] creating /home/cyrosrobot5/drone_ws/install/mrs_uav_gazebo_simulator/share/mrs_uav_gazebo_simulator/tmux/one_drone_lidar
[1.437s] symbolically linking /home/cyrosrobot5/drone_ws/build/mrs_uav_gazebo_simulator/tmux/one_drone_lidar/rviz.rviz -> /home/cyrosrobot5/drone_ws/install/mrs_uav_gazebo_simulator/share/mrs_uav_gazebo_simulator/tmux/one_drone_lidar
[1.437s] symbolically linking /home/cyrosrobot5/drone_ws/build/mrs_uav_gazebo_simulator/tmux/one_drone_lidar/start.sh -> /home/cyrosrobot5/drone_ws/install/mrs_uav_gazebo_simulator/share/mrs_uav_gazebo_simulator/tmux/one_drone_lidar
[1.437s] symbolically linking /home/cyrosrobot5/drone_ws/build/mrs_uav_gazebo_simulator/tmux/one_drone_lidar/kill.sh -> /home/cyrosrobot5/drone_ws/install/mrs_uav_gazebo_simulator/share/mrs_uav_gazebo_simulator/tmux/one_drone_lidar
[1.437s] symbolically linking /home/cyrosrobot5/drone_ws/build/mrs_uav_gazebo_simulator/tmux/one_drone_lidar/session.yml -> /home/cyrosrobot5/drone_ws/install/mrs_uav_gazebo_simulator/share/mrs_uav_gazebo_simulator/tmux/one_drone_lidar
[1.437s] symbolically linking /home/cyrosrobot5/drone_ws/build/mrs_uav_gazebo_simulator/tmux/one_drone_lidar/layout.json -> /home/cyrosrobot5/drone_ws/install/mrs_uav_gazebo_simulator/share/mrs_uav_gazebo_simulator/tmux/one_drone_lidar
[1.438s] symbolically linking /home/cyrosrobot5/drone_ws/build/mrs_uav_gazebo_simulator/tmux/one_drone_lidar/takeoff.sh -> /home/cyrosrobot5/drone_ws/install/mrs_uav_gazebo_simulator/share/mrs_uav_gazebo_simulator/tmux/one_drone_lidar
[1.438s] creating /home/cyrosrobot5/drone_ws/install/mrs_uav_gazebo_simulator/share/mrs_uav_gazebo_simulator/tmux/one_drone_lidar/config
[1.438s] symbolically linking /home/cyrosrobot5/drone_ws/build/mrs_uav_gazebo_simulator/tmux/one_drone_lidar/config/automatic_start.yaml -> /home/cyrosrobot5/drone_ws/install/mrs_uav_gazebo_simulator/share/mrs_uav_gazebo_simulator/tmux/one_drone_lidar/config
[1.438s] symbolically linking /home/cyrosrobot5/drone_ws/build/mrs_uav_gazebo_simulator/tmux/one_drone_lidar/config/custom_config.yaml -> /home/cyrosrobot5/drone_ws/install/mrs_uav_gazebo_simulator/share/mrs_uav_gazebo_simulator/tmux/one_drone_lidar/config
[1.438s] symbolically linking /home/cyrosrobot5/drone_ws/build/mrs_uav_gazebo_simulator/tmux/one_drone_lidar/config/network_config.yaml -> /home/cyrosrobot5/drone_ws/install/mrs_uav_gazebo_simulator/share/mrs_uav_gazebo_simulator/tmux/one_drone_lidar/config
[1.438s] symbolically linking /home/cyrosrobot5/drone_ws/build/mrs_uav_gazebo_simulator/tmux/one_drone_lidar/config/world_config.yaml -> /home/cyrosrobot5/drone_ws/install/mrs_uav_gazebo_simulator/share/mrs_uav_gazebo_simulator/tmux/one_drone_lidar/config
[1.438s] creating /home/cyrosrobot5/drone_ws/install/mrs_uav_gazebo_simulator/share/mrs_uav_gazebo_simulator/tmux/two_drones
[1.438s] symbolically linking /home/cyrosrobot5/drone_ws/build/mrs_uav_gazebo_simulator/tmux/two_drones/rviz.rviz -> /home/cyrosrobot5/drone_ws/install/mrs_uav_gazebo_simulator/share/mrs_uav_gazebo_simulator/tmux/two_drones
[1.438s] symbolically linking /home/cyrosrobot5/drone_ws/build/mrs_uav_gazebo_simulator/tmux/two_drones/start.sh -> /home/cyrosrobot5/drone_ws/install/mrs_uav_gazebo_simulator/share/mrs_uav_gazebo_simulator/tmux/two_drones
[1.438s] symbolically linking /home/cyrosrobot5/drone_ws/build/mrs_uav_gazebo_simulator/tmux/two_drones/kill.sh -> /home/cyrosrobot5/drone_ws/install/mrs_uav_gazebo_simulator/share/mrs_uav_gazebo_simulator/tmux/two_drones
[1.438s] symbolically linking /home/cyrosrobot5/drone_ws/build/mrs_uav_gazebo_simulator/tmux/two_drones/session.yml -> /home/cyrosrobot5/drone_ws/install/mrs_uav_gazebo_simulator/share/mrs_uav_gazebo_simulator/tmux/two_drones
[1.438s] symbolically linking /home/cyrosrobot5/drone_ws/build/mrs_uav_gazebo_simulator/tmux/two_drones/layout.json -> /home/cyrosrobot5/drone_ws/install/mrs_uav_gazebo_simulator/share/mrs_uav_gazebo_simulator/tmux/two_drones
[1.438s] symbolically linking /home/cyrosrobot5/drone_ws/build/mrs_uav_gazebo_simulator/tmux/two_drones/takeoff.sh -> /home/cyrosrobot5/drone_ws/install/mrs_uav_gazebo_simulator/share/mrs_uav_gazebo_simulator/tmux/two_drones
[1.438s] creating /home/cyrosrobot5/drone_ws/install/mrs_uav_gazebo_simulator/share/mrs_uav_gazebo_simulator/tmux/two_drones/config
[1.438s] symbolically linking /home/cyrosrobot5/drone_ws/build/mrs_uav_gazebo_simulator/tmux/two_drones/config/simulator.yaml -> /home/cyrosrobot5/drone_ws/install/mrs_uav_gazebo_simulator/share/mrs_uav_gazebo_simulator/tmux/two_drones/config
[1.438s] symbolically linking /home/cyrosrobot5/drone_ws/build/mrs_uav_gazebo_simulator/tmux/two_drones/config/automatic_start.yaml -> /home/cyrosrobot5/drone_ws/install/mrs_uav_gazebo_simulator/share/mrs_uav_gazebo_simulator/tmux/two_drones/config
[1.438s] symbolically linking /home/cyrosrobot5/drone_ws/build/mrs_uav_gazebo_simulator/tmux/two_drones/config/custom_config.yaml -> /home/cyrosrobot5/drone_ws/install/mrs_uav_gazebo_simulator/share/mrs_uav_gazebo_simulator/tmux/two_drones/config
[1.438s] symbolically linking /home/cyrosrobot5/drone_ws/build/mrs_uav_gazebo_simulator/tmux/two_drones/config/network_config.yaml -> /home/cyrosrobot5/drone_ws/install/mrs_uav_gazebo_simulator/share/mrs_uav_gazebo_simulator/tmux/two_drones/config
[1.438s] symbolically linking /home/cyrosrobot5/drone_ws/build/mrs_uav_gazebo_simulator/tmux/two_drones/config/platform_config.yaml -> /home/cyrosrobot5/drone_ws/install/mrs_uav_gazebo_simulator/share/mrs_uav_gazebo_simulator/tmux/two_drones/config
[1.438s] symbolically linking /home/cyrosrobot5/drone_ws/build/mrs_uav_gazebo_simulator/tmux/two_drones/config/world_config.yaml -> /home/cyrosrobot5/drone_ws/install/mrs_uav_gazebo_simulator/share/mrs_uav_gazebo_simulator/tmux/two_drones/config
[1.469s] Invoked command in '/home/cyrosrobot5/drone_ws/build/mrs_uav_gazebo_simulator' returned '0': DEBUGINFOD_URLS=https://debuginfod.ubuntu.com PYTHONPATH=/home/cyrosrobot5/drone_ws/build/mrs_uav_gazebo_simulator/prefix_override:/usr/lib/python3/dist-packages/colcon_core/task/python/colcon_distutils_commands:/home/cyrosrobot5/drone_ws/install/mrs_uav_gazebo_simulator/lib/python3.12/site-packages:${PYTHONPATH} /usr/bin/python3 -W ignore:setup.py install is deprecated -W ignore:easy_install command is deprecated setup.py develop --editable --build-directory /home/cyrosrobot5/drone_ws/build/mrs_uav_gazebo_simulator/build --no-deps symlink_data
