[0.078s] DEBUG:colcon:Command line arguments: ['/usr/bin/colcon', 'build', '--symlink-install']
[0.078s] DEBUG:colcon:Parsed command line arguments: Namespace(log_base=None, log_level=None, verb_name='build', build_base='build', install_base='install', merge_install=False, symlink_install=True, test_result_base=None, continue_on_error=False, executor='parallel', parallel_workers=12, event_handlers=None, ignore_user_meta=False, metas=['./colcon.meta'], base_paths=['.'], packages_ignore=None, packages_ignore_regex=None, paths=None, packages_up_to=None, packages_up_to_regex=None, packages_above=None, packages_above_and_dependencies=None, packages_above_depth=None, packages_select_by_dep=None, packages_skip_by_dep=None, packages_skip_up_to=None, packages_select_build_failed=False, packages_skip_build_finished=False, packages_select_test_failures=False, packages_skip_test_passed=False, packages_select=None, packages_skip=None, packages_select_regex=None, packages_skip_regex=None, packages_start=None, packages_end=None, allow_overriding=[], cmake_args=None, cmake_target=None, cmake_target_skip_unavailable=False, cmake_clean_cache=False, cmake_clean_first=False, cmake_force_configure=False, ament_cmake_args=None, catkin_cmake_args=None, catkin_skip_building_tests=False, mixin_files=None, mixin=None, verb_parser=<colcon_mixin.mixin.mixin_argument.MixinArgumentDecorator object at 0x7d4ab50a5c70>, verb_extension=<colcon_core.verb.build.BuildVerb object at 0x7d4ab5027b00>, main=<bound method BuildVerb.main of <colcon_core.verb.build.BuildVerb object at 0x7d4ab5027b00>>, mixin_verb=('build',))
[0.104s] Level 1:colcon.colcon_core.package_discovery:discover_packages(colcon_meta) check parameters
[0.105s] Level 1:colcon.colcon_core.package_discovery:discover_packages(recursive) check parameters
[0.105s] Level 1:colcon.colcon_core.package_discovery:discover_packages(ignore) check parameters
[0.105s] Level 1:colcon.colcon_core.package_discovery:discover_packages(path) check parameters
[0.105s] Level 1:colcon.colcon_core.package_discovery:discover_packages(colcon_meta) discover
[0.105s] Level 1:colcon.colcon_core.package_discovery:discover_packages(recursive) discover
[0.105s] INFO:colcon.colcon_core.package_discovery:Crawling recursively for packages in '/home/cyrosrobot5/drone_ws'
[0.105s] Level 1:colcon.colcon_core.package_identification:_identify(.) by extensions ['ignore', 'ignore_ament_install']
[0.105s] Level 1:colcon.colcon_core.package_identification:_identify(.) by extension 'ignore'
[0.105s] Level 1:colcon.colcon_core.package_identification:_identify(.) by extension 'ignore_ament_install'
[0.105s] Level 1:colcon.colcon_core.package_identification:_identify(.) by extensions ['colcon_pkg']
[0.105s] Level 1:colcon.colcon_core.package_identification:_identify(.) by extension 'colcon_pkg'
[0.105s] Level 1:colcon.colcon_core.package_identification:_identify(.) by extensions ['colcon_meta']
[0.105s] Level 1:colcon.colcon_core.package_identification:_identify(.) by extension 'colcon_meta'
[0.105s] Level 1:colcon.colcon_core.package_identification:_identify(.) by extensions ['ros']
[0.105s] Level 1:colcon.colcon_core.package_identification:_identify(.) by extension 'ros'
[0.124s] Level 1:colcon.colcon_core.package_identification:_identify(.) by extensions ['cmake', 'python']
[0.124s] Level 1:colcon.colcon_core.package_identification:_identify(.) by extension 'cmake'
[0.124s] Level 1:colcon.colcon_core.package_identification:_identify(.) by extension 'python'
[0.124s] Level 1:colcon.colcon_core.package_identification:_identify(.) by extensions ['python_setup_py']
[0.124s] Level 1:colcon.colcon_core.package_identification:_identify(.) by extension 'python_setup_py'
[0.124s] Level 1:colcon.colcon_core.package_identification:_identify(build) by extensions ['ignore', 'ignore_ament_install']
[0.124s] Level 1:colcon.colcon_core.package_identification:_identify(build) by extension 'ignore'
[0.124s] Level 1:colcon.colcon_core.package_identification:_identify(build) ignored
[0.124s] Level 1:colcon.colcon_core.package_identification:_identify(install) by extensions ['ignore', 'ignore_ament_install']
[0.124s] Level 1:colcon.colcon_core.package_identification:_identify(install) by extension 'ignore'
[0.124s] Level 1:colcon.colcon_core.package_identification:_identify(install) ignored
[0.124s] Level 1:colcon.colcon_core.package_identification:_identify(log) by extensions ['ignore', 'ignore_ament_install']
[0.124s] Level 1:colcon.colcon_core.package_identification:_identify(log) by extension 'ignore'
[0.124s] Level 1:colcon.colcon_core.package_identification:_identify(log) ignored
[0.124s] Level 1:colcon.colcon_core.package_identification:_identify(src) by extensions ['ignore', 'ignore_ament_install']
[0.124s] Level 1:colcon.colcon_core.package_identification:_identify(src) by extension 'ignore'
[0.124s] Level 1:colcon.colcon_core.package_identification:_identify(src) by extension 'ignore_ament_install'
[0.124s] Level 1:colcon.colcon_core.package_identification:_identify(src) by extensions ['colcon_pkg']
[0.125s] Level 1:colcon.colcon_core.package_identification:_identify(src) by extension 'colcon_pkg'
[0.125s] Level 1:colcon.colcon_core.package_identification:_identify(src) by extensions ['colcon_meta']
[0.125s] Level 1:colcon.colcon_core.package_identification:_identify(src) by extension 'colcon_meta'
[0.125s] Level 1:colcon.colcon_core.package_identification:_identify(src) by extensions ['ros']
[0.125s] Level 1:colcon.colcon_core.package_identification:_identify(src) by extension 'ros'
[0.125s] Level 1:colcon.colcon_core.package_identification:_identify(src) by extensions ['cmake', 'python']
[0.125s] Level 1:colcon.colcon_core.package_identification:_identify(src) by extension 'cmake'
[0.125s] Level 1:colcon.colcon_core.package_identification:_identify(src) by extension 'python'
[0.125s] Level 1:colcon.colcon_core.package_identification:_identify(src) by extensions ['python_setup_py']
[0.125s] Level 1:colcon.colcon_core.package_identification:_identify(src) by extension 'python_setup_py'
[0.125s] Level 1:colcon.colcon_core.package_identification:_identify(src/arena_2025) by extensions ['ignore', 'ignore_ament_install']
[0.125s] Level 1:colcon.colcon_core.package_identification:_identify(src/arena_2025) by extension 'ignore'
[0.125s] Level 1:colcon.colcon_core.package_identification:_identify(src/arena_2025) by extension 'ignore_ament_install'
[0.125s] Level 1:colcon.colcon_core.package_identification:_identify(src/arena_2025) by extensions ['colcon_pkg']
[0.125s] Level 1:colcon.colcon_core.package_identification:_identify(src/arena_2025) by extension 'colcon_pkg'
[0.125s] Level 1:colcon.colcon_core.package_identification:_identify(src/arena_2025) by extensions ['colcon_meta']
[0.125s] Level 1:colcon.colcon_core.package_identification:_identify(src/arena_2025) by extension 'colcon_meta'
[0.125s] Level 1:colcon.colcon_core.package_identification:_identify(src/arena_2025) by extensions ['ros']
[0.125s] Level 1:colcon.colcon_core.package_identification:_identify(src/arena_2025) by extension 'ros'
[0.125s] Level 1:colcon.colcon_core.package_identification:_identify(src/arena_2025) by extensions ['cmake', 'python']
[0.125s] Level 1:colcon.colcon_core.package_identification:_identify(src/arena_2025) by extension 'cmake'
[0.125s] Level 1:colcon.colcon_core.package_identification:_identify(src/arena_2025) by extension 'python'
[0.125s] Level 1:colcon.colcon_core.package_identification:_identify(src/arena_2025) by extensions ['python_setup_py']
[0.125s] Level 1:colcon.colcon_core.package_identification:_identify(src/arena_2025) by extension 'python_setup_py'
[0.125s] Level 1:colcon.colcon_core.package_identification:_identify(src/arena_2025/materials) by extensions ['ignore', 'ignore_ament_install']
[0.125s] Level 1:colcon.colcon_core.package_identification:_identify(src/arena_2025/materials) by extension 'ignore'
[0.125s] Level 1:colcon.colcon_core.package_identification:_identify(src/arena_2025/materials) by extension 'ignore_ament_install'
[0.125s] Level 1:colcon.colcon_core.package_identification:_identify(src/arena_2025/materials) by extensions ['colcon_pkg']
[0.125s] Level 1:colcon.colcon_core.package_identification:_identify(src/arena_2025/materials) by extension 'colcon_pkg'
[0.125s] Level 1:colcon.colcon_core.package_identification:_identify(src/arena_2025/materials) by extensions ['colcon_meta']
[0.125s] Level 1:colcon.colcon_core.package_identification:_identify(src/arena_2025/materials) by extension 'colcon_meta'
[0.125s] Level 1:colcon.colcon_core.package_identification:_identify(src/arena_2025/materials) by extensions ['ros']
[0.125s] Level 1:colcon.colcon_core.package_identification:_identify(src/arena_2025/materials) by extension 'ros'
[0.125s] Level 1:colcon.colcon_core.package_identification:_identify(src/arena_2025/materials) by extensions ['cmake', 'python']
[0.125s] Level 1:colcon.colcon_core.package_identification:_identify(src/arena_2025/materials) by extension 'cmake'
[0.125s] Level 1:colcon.colcon_core.package_identification:_identify(src/arena_2025/materials) by extension 'python'
[0.125s] Level 1:colcon.colcon_core.package_identification:_identify(src/arena_2025/materials) by extensions ['python_setup_py']
[0.125s] Level 1:colcon.colcon_core.package_identification:_identify(src/arena_2025/materials) by extension 'python_setup_py'
[0.125s] Level 1:colcon.colcon_core.package_identification:_identify(src/arena_2025/materials/scripts) by extensions ['ignore', 'ignore_ament_install']
[0.125s] Level 1:colcon.colcon_core.package_identification:_identify(src/arena_2025/materials/scripts) by extension 'ignore'
[0.125s] Level 1:colcon.colcon_core.package_identification:_identify(src/arena_2025/materials/scripts) by extension 'ignore_ament_install'
[0.126s] Level 1:colcon.colcon_core.package_identification:_identify(src/arena_2025/materials/scripts) by extensions ['colcon_pkg']
[0.126s] Level 1:colcon.colcon_core.package_identification:_identify(src/arena_2025/materials/scripts) by extension 'colcon_pkg'
[0.126s] Level 1:colcon.colcon_core.package_identification:_identify(src/arena_2025/materials/scripts) by extensions ['colcon_meta']
[0.126s] Level 1:colcon.colcon_core.package_identification:_identify(src/arena_2025/materials/scripts) by extension 'colcon_meta'
[0.126s] Level 1:colcon.colcon_core.package_identification:_identify(src/arena_2025/materials/scripts) by extensions ['ros']
[0.126s] Level 1:colcon.colcon_core.package_identification:_identify(src/arena_2025/materials/scripts) by extension 'ros'
[0.126s] Level 1:colcon.colcon_core.package_identification:_identify(src/arena_2025/materials/scripts) by extensions ['cmake', 'python']
[0.126s] Level 1:colcon.colcon_core.package_identification:_identify(src/arena_2025/materials/scripts) by extension 'cmake'
[0.126s] Level 1:colcon.colcon_core.package_identification:_identify(src/arena_2025/materials/scripts) by extension 'python'
[0.126s] Level 1:colcon.colcon_core.package_identification:_identify(src/arena_2025/materials/scripts) by extensions ['python_setup_py']
[0.126s] Level 1:colcon.colcon_core.package_identification:_identify(src/arena_2025/materials/scripts) by extension 'python_setup_py'
[0.126s] Level 1:colcon.colcon_core.package_identification:_identify(src/arena_2025/materials/textures) by extensions ['ignore', 'ignore_ament_install']
[0.126s] Level 1:colcon.colcon_core.package_identification:_identify(src/arena_2025/materials/textures) by extension 'ignore'
[0.126s] Level 1:colcon.colcon_core.package_identification:_identify(src/arena_2025/materials/textures) by extension 'ignore_ament_install'
[0.126s] Level 1:colcon.colcon_core.package_identification:_identify(src/arena_2025/materials/textures) by extensions ['colcon_pkg']
[0.126s] Level 1:colcon.colcon_core.package_identification:_identify(src/arena_2025/materials/textures) by extension 'colcon_pkg'
[0.126s] Level 1:colcon.colcon_core.package_identification:_identify(src/arena_2025/materials/textures) by extensions ['colcon_meta']
[0.126s] Level 1:colcon.colcon_core.package_identification:_identify(src/arena_2025/materials/textures) by extension 'colcon_meta'
[0.126s] Level 1:colcon.colcon_core.package_identification:_identify(src/arena_2025/materials/textures) by extensions ['ros']
[0.126s] Level 1:colcon.colcon_core.package_identification:_identify(src/arena_2025/materials/textures) by extension 'ros'
[0.126s] Level 1:colcon.colcon_core.package_identification:_identify(src/arena_2025/materials/textures) by extensions ['cmake', 'python']
[0.126s] Level 1:colcon.colcon_core.package_identification:_identify(src/arena_2025/materials/textures) by extension 'cmake'
[0.126s] Level 1:colcon.colcon_core.package_identification:_identify(src/arena_2025/materials/textures) by extension 'python'
[0.126s] Level 1:colcon.colcon_core.package_identification:_identify(src/arena_2025/materials/textures) by extensions ['python_setup_py']
[0.126s] Level 1:colcon.colcon_core.package_identification:_identify(src/arena_2025/materials/textures) by extension 'python_setup_py'
[0.126s] Level 1:colcon.colcon_core.package_identification:_identify(src/arena_2025/meshes) by extensions ['ignore', 'ignore_ament_install']
[0.126s] Level 1:colcon.colcon_core.package_identification:_identify(src/arena_2025/meshes) by extension 'ignore'
[0.126s] Level 1:colcon.colcon_core.package_identification:_identify(src/arena_2025/meshes) by extension 'ignore_ament_install'
[0.126s] Level 1:colcon.colcon_core.package_identification:_identify(src/arena_2025/meshes) by extensions ['colcon_pkg']
[0.126s] Level 1:colcon.colcon_core.package_identification:_identify(src/arena_2025/meshes) by extension 'colcon_pkg'
[0.126s] Level 1:colcon.colcon_core.package_identification:_identify(src/arena_2025/meshes) by extensions ['colcon_meta']
[0.126s] Level 1:colcon.colcon_core.package_identification:_identify(src/arena_2025/meshes) by extension 'colcon_meta'
[0.126s] Level 1:colcon.colcon_core.package_identification:_identify(src/arena_2025/meshes) by extensions ['ros']
[0.126s] Level 1:colcon.colcon_core.package_identification:_identify(src/arena_2025/meshes) by extension 'ros'
[0.126s] Level 1:colcon.colcon_core.package_identification:_identify(src/arena_2025/meshes) by extensions ['cmake', 'python']
[0.126s] Level 1:colcon.colcon_core.package_identification:_identify(src/arena_2025/meshes) by extension 'cmake'
[0.126s] Level 1:colcon.colcon_core.package_identification:_identify(src/arena_2025/meshes) by extension 'python'
[0.126s] Level 1:colcon.colcon_core.package_identification:_identify(src/arena_2025/meshes) by extensions ['python_setup_py']
[0.126s] Level 1:colcon.colcon_core.package_identification:_identify(src/arena_2025/meshes) by extension 'python_setup_py'
[0.126s] Level 1:colcon.colcon_core.package_identification:_identify(src/arena_2025/textures) by extensions ['ignore', 'ignore_ament_install']
[0.126s] Level 1:colcon.colcon_core.package_identification:_identify(src/arena_2025/textures) by extension 'ignore'
[0.126s] Level 1:colcon.colcon_core.package_identification:_identify(src/arena_2025/textures) by extension 'ignore_ament_install'
[0.127s] Level 1:colcon.colcon_core.package_identification:_identify(src/arena_2025/textures) by extensions ['colcon_pkg']
[0.127s] Level 1:colcon.colcon_core.package_identification:_identify(src/arena_2025/textures) by extension 'colcon_pkg'
[0.127s] Level 1:colcon.colcon_core.package_identification:_identify(src/arena_2025/textures) by extensions ['colcon_meta']
[0.127s] Level 1:colcon.colcon_core.package_identification:_identify(src/arena_2025/textures) by extension 'colcon_meta'
[0.127s] Level 1:colcon.colcon_core.package_identification:_identify(src/arena_2025/textures) by extensions ['ros']
[0.127s] Level 1:colcon.colcon_core.package_identification:_identify(src/arena_2025/textures) by extension 'ros'
[0.127s] Level 1:colcon.colcon_core.package_identification:_identify(src/arena_2025/textures) by extensions ['cmake', 'python']
[0.127s] Level 1:colcon.colcon_core.package_identification:_identify(src/arena_2025/textures) by extension 'cmake'
[0.127s] Level 1:colcon.colcon_core.package_identification:_identify(src/arena_2025/textures) by extension 'python'
[0.127s] Level 1:colcon.colcon_core.package_identification:_identify(src/arena_2025/textures) by extensions ['python_setup_py']
[0.127s] Level 1:colcon.colcon_core.package_identification:_identify(src/arena_2025/textures) by extension 'python_setup_py'
[0.127s] Level 1:colcon.colcon_core.package_identification:_identify(src/arena_2025_desenho) by extensions ['ignore', 'ignore_ament_install']
[0.127s] Level 1:colcon.colcon_core.package_identification:_identify(src/arena_2025_desenho) by extension 'ignore'
[0.127s] Level 1:colcon.colcon_core.package_identification:_identify(src/arena_2025_desenho) by extension 'ignore_ament_install'
[0.127s] Level 1:colcon.colcon_core.package_identification:_identify(src/arena_2025_desenho) by extensions ['colcon_pkg']
[0.127s] Level 1:colcon.colcon_core.package_identification:_identify(src/arena_2025_desenho) by extension 'colcon_pkg'
[0.127s] Level 1:colcon.colcon_core.package_identification:_identify(src/arena_2025_desenho) by extensions ['colcon_meta']
[0.127s] Level 1:colcon.colcon_core.package_identification:_identify(src/arena_2025_desenho) by extension 'colcon_meta'
[0.127s] Level 1:colcon.colcon_core.package_identification:_identify(src/arena_2025_desenho) by extensions ['ros']
[0.127s] Level 1:colcon.colcon_core.package_identification:_identify(src/arena_2025_desenho) by extension 'ros'
[0.127s] Level 1:colcon.colcon_core.package_identification:_identify(src/arena_2025_desenho) by extensions ['cmake', 'python']
[0.127s] Level 1:colcon.colcon_core.package_identification:_identify(src/arena_2025_desenho) by extension 'cmake'
[0.127s] Level 1:colcon.colcon_core.package_identification:_identify(src/arena_2025_desenho) by extension 'python'
[0.127s] Level 1:colcon.colcon_core.package_identification:_identify(src/arena_2025_desenho) by extensions ['python_setup_py']
[0.127s] Level 1:colcon.colcon_core.package_identification:_identify(src/arena_2025_desenho) by extension 'python_setup_py'
[0.127s] Level 1:colcon.colcon_core.package_identification:_identify(src/arena_2025_desenho/meshes) by extensions ['ignore', 'ignore_ament_install']
[0.127s] Level 1:colcon.colcon_core.package_identification:_identify(src/arena_2025_desenho/meshes) by extension 'ignore'
[0.127s] Level 1:colcon.colcon_core.package_identification:_identify(src/arena_2025_desenho/meshes) by extension 'ignore_ament_install'
[0.127s] Level 1:colcon.colcon_core.package_identification:_identify(src/arena_2025_desenho/meshes) by extensions ['colcon_pkg']
[0.127s] Level 1:colcon.colcon_core.package_identification:_identify(src/arena_2025_desenho/meshes) by extension 'colcon_pkg'
[0.127s] Level 1:colcon.colcon_core.package_identification:_identify(src/arena_2025_desenho/meshes) by extensions ['colcon_meta']
[0.127s] Level 1:colcon.colcon_core.package_identification:_identify(src/arena_2025_desenho/meshes) by extension 'colcon_meta'
[0.127s] Level 1:colcon.colcon_core.package_identification:_identify(src/arena_2025_desenho/meshes) by extensions ['ros']
[0.127s] Level 1:colcon.colcon_core.package_identification:_identify(src/arena_2025_desenho/meshes) by extension 'ros'
[0.127s] Level 1:colcon.colcon_core.package_identification:_identify(src/arena_2025_desenho/meshes) by extensions ['cmake', 'python']
[0.127s] Level 1:colcon.colcon_core.package_identification:_identify(src/arena_2025_desenho/meshes) by extension 'cmake'
[0.127s] Level 1:colcon.colcon_core.package_identification:_identify(src/arena_2025_desenho/meshes) by extension 'python'
[0.127s] Level 1:colcon.colcon_core.package_identification:_identify(src/arena_2025_desenho/meshes) by extensions ['python_setup_py']
[0.127s] Level 1:colcon.colcon_core.package_identification:_identify(src/arena_2025_desenho/meshes) by extension 'python_setup_py'
[0.127s] Level 1:colcon.colcon_core.package_identification:_identify(src/drone_custom_control) by extensions ['ignore', 'ignore_ament_install']
[0.127s] Level 1:colcon.colcon_core.package_identification:_identify(src/drone_custom_control) by extension 'ignore'
[0.127s] Level 1:colcon.colcon_core.package_identification:_identify(src/drone_custom_control) by extension 'ignore_ament_install'
[0.127s] Level 1:colcon.colcon_core.package_identification:_identify(src/drone_custom_control) by extensions ['colcon_pkg']
[0.128s] Level 1:colcon.colcon_core.package_identification:_identify(src/drone_custom_control) by extension 'colcon_pkg'
[0.128s] Level 1:colcon.colcon_core.package_identification:_identify(src/drone_custom_control) by extensions ['colcon_meta']
[0.128s] Level 1:colcon.colcon_core.package_identification:_identify(src/drone_custom_control) by extension 'colcon_meta'
[0.128s] Level 1:colcon.colcon_core.package_identification:_identify(src/drone_custom_control) by extensions ['ros']
[0.128s] Level 1:colcon.colcon_core.package_identification:_identify(src/drone_custom_control) by extension 'ros'
[0.129s] DEBUG:colcon.colcon_core.package_identification:Package 'src/drone_custom_control' with type 'ros.ament_python' and name 'drone_custom_control'
[0.129s] Level 1:colcon.colcon_core.package_identification:_identify(src/mrs_uav_gazebo_simulator) by extensions ['ignore', 'ignore_ament_install']
[0.130s] Level 1:colcon.colcon_core.package_identification:_identify(src/mrs_uav_gazebo_simulator) by extension 'ignore'
[0.130s] Level 1:colcon.colcon_core.package_identification:_identify(src/mrs_uav_gazebo_simulator) by extension 'ignore_ament_install'
[0.130s] Level 1:colcon.colcon_core.package_identification:_identify(src/mrs_uav_gazebo_simulator) by extensions ['colcon_pkg']
[0.130s] Level 1:colcon.colcon_core.package_identification:_identify(src/mrs_uav_gazebo_simulator) by extension 'colcon_pkg'
[0.130s] Level 1:colcon.colcon_core.package_identification:_identify(src/mrs_uav_gazebo_simulator) by extensions ['colcon_meta']
[0.130s] Level 1:colcon.colcon_core.package_identification:_identify(src/mrs_uav_gazebo_simulator) by extension 'colcon_meta'
[0.130s] Level 1:colcon.colcon_core.package_identification:_identify(src/mrs_uav_gazebo_simulator) by extensions ['ros']
[0.130s] Level 1:colcon.colcon_core.package_identification:_identify(src/mrs_uav_gazebo_simulator) by extension 'ros'
[0.130s] DEBUG:colcon.colcon_core.package_identification:Package 'src/mrs_uav_gazebo_simulator' with type 'ros.ament_python' and name 'mrs_uav_gazebo_simulator'
[0.130s] Level 1:colcon.colcon_core.package_identification:_identify(src/mrs_uav_system) by extensions ['ignore', 'ignore_ament_install']
[0.130s] Level 1:colcon.colcon_core.package_identification:_identify(src/mrs_uav_system) by extension 'ignore'
[0.130s] Level 1:colcon.colcon_core.package_identification:_identify(src/mrs_uav_system) by extension 'ignore_ament_install'
[0.130s] Level 1:colcon.colcon_core.package_identification:_identify(src/mrs_uav_system) by extensions ['colcon_pkg']
[0.130s] Level 1:colcon.colcon_core.package_identification:_identify(src/mrs_uav_system) by extension 'colcon_pkg'
[0.130s] Level 1:colcon.colcon_core.package_identification:_identify(src/mrs_uav_system) by extensions ['colcon_meta']
[0.130s] Level 1:colcon.colcon_core.package_identification:_identify(src/mrs_uav_system) by extension 'colcon_meta'
[0.131s] Level 1:colcon.colcon_core.package_identification:_identify(src/mrs_uav_system) by extensions ['ros']
[0.131s] Level 1:colcon.colcon_core.package_identification:_identify(src/mrs_uav_system) by extension 'ros'
[0.131s] Level 1:colcon.colcon_core.package_identification:_identify(src/mrs_uav_system) by extensions ['cmake', 'python']
[0.131s] Level 1:colcon.colcon_core.package_identification:_identify(src/mrs_uav_system) by extension 'cmake'
[0.131s] Level 1:colcon.colcon_core.package_identification:_identify(src/mrs_uav_system) by extension 'python'
[0.131s] Level 1:colcon.colcon_core.package_identification:_identify(src/mrs_uav_system) by extensions ['python_setup_py']
[0.131s] Level 1:colcon.colcon_core.package_identification:_identify(src/mrs_uav_system) by extension 'python_setup_py'
[0.131s] Level 1:colcon.colcon_core.package_identification:_identify(src/mrs_uav_system/docker) by extensions ['ignore', 'ignore_ament_install']
[0.131s] Level 1:colcon.colcon_core.package_identification:_identify(src/mrs_uav_system/docker) by extension 'ignore'
[0.131s] Level 1:colcon.colcon_core.package_identification:_identify(src/mrs_uav_system/docker) by extension 'ignore_ament_install'
[0.131s] Level 1:colcon.colcon_core.package_identification:_identify(src/mrs_uav_system/docker) by extensions ['colcon_pkg']
[0.131s] Level 1:colcon.colcon_core.package_identification:_identify(src/mrs_uav_system/docker) by extension 'colcon_pkg'
[0.131s] Level 1:colcon.colcon_core.package_identification:_identify(src/mrs_uav_system/docker) by extensions ['colcon_meta']
[0.131s] Level 1:colcon.colcon_core.package_identification:_identify(src/mrs_uav_system/docker) by extension 'colcon_meta'
[0.131s] Level 1:colcon.colcon_core.package_identification:_identify(src/mrs_uav_system/docker) by extensions ['ros']
[0.131s] Level 1:colcon.colcon_core.package_identification:_identify(src/mrs_uav_system/docker) by extension 'ros'
[0.131s] Level 1:colcon.colcon_core.package_identification:_identify(src/mrs_uav_system/docker) by extensions ['cmake', 'python']
[0.131s] Level 1:colcon.colcon_core.package_identification:_identify(src/mrs_uav_system/docker) by extension 'cmake'
[0.131s] Level 1:colcon.colcon_core.package_identification:_identify(src/mrs_uav_system/docker) by extension 'python'
[0.131s] Level 1:colcon.colcon_core.package_identification:_identify(src/mrs_uav_system/docker) by extensions ['python_setup_py']
[0.131s] Level 1:colcon.colcon_core.package_identification:_identify(src/mrs_uav_system/docker) by extension 'python_setup_py'
[0.131s] Level 1:colcon.colcon_core.package_identification:_identify(src/mrs_uav_system/ros_packages) by extensions ['ignore', 'ignore_ament_install']
[0.131s] Level 1:colcon.colcon_core.package_identification:_identify(src/mrs_uav_system/ros_packages) by extension 'ignore'
[0.131s] Level 1:colcon.colcon_core.package_identification:_identify(src/mrs_uav_system/ros_packages) by extension 'ignore_ament_install'
[0.131s] Level 1:colcon.colcon_core.package_identification:_identify(src/mrs_uav_system/ros_packages) by extensions ['colcon_pkg']
[0.131s] Level 1:colcon.colcon_core.package_identification:_identify(src/mrs_uav_system/ros_packages) by extension 'colcon_pkg'
[0.131s] Level 1:colcon.colcon_core.package_identification:_identify(src/mrs_uav_system/ros_packages) by extensions ['colcon_meta']
[0.131s] Level 1:colcon.colcon_core.package_identification:_identify(src/mrs_uav_system/ros_packages) by extension 'colcon_meta'
[0.131s] Level 1:colcon.colcon_core.package_identification:_identify(src/mrs_uav_system/ros_packages) by extensions ['ros']
[0.131s] Level 1:colcon.colcon_core.package_identification:_identify(src/mrs_uav_system/ros_packages) by extension 'ros'
[0.131s] Level 1:colcon.colcon_core.package_identification:_identify(src/mrs_uav_system/ros_packages) by extensions ['cmake', 'python']
[0.131s] Level 1:colcon.colcon_core.package_identification:_identify(src/mrs_uav_system/ros_packages) by extension 'cmake'
[0.131s] Level 1:colcon.colcon_core.package_identification:_identify(src/mrs_uav_system/ros_packages) by extension 'python'
[0.131s] Level 1:colcon.colcon_core.package_identification:_identify(src/mrs_uav_system/ros_packages) by extensions ['python_setup_py']
[0.131s] Level 1:colcon.colcon_core.package_identification:_identify(src/mrs_uav_system/ros_packages) by extension 'python_setup_py'
[0.131s] Level 1:colcon.colcon_core.package_identification:_identify(src/mrs_uav_system/ros_packages/mrs_uav_system) by extensions ['ignore', 'ignore_ament_install']
[0.131s] Level 1:colcon.colcon_core.package_identification:_identify(src/mrs_uav_system/ros_packages/mrs_uav_system) by extension 'ignore'
[0.131s] Level 1:colcon.colcon_core.package_identification:_identify(src/mrs_uav_system/ros_packages/mrs_uav_system) by extension 'ignore_ament_install'
[0.131s] Level 1:colcon.colcon_core.package_identification:_identify(src/mrs_uav_system/ros_packages/mrs_uav_system) by extensions ['colcon_pkg']
[0.131s] Level 1:colcon.colcon_core.package_identification:_identify(src/mrs_uav_system/ros_packages/mrs_uav_system) by extension 'colcon_pkg'
[0.131s] Level 1:colcon.colcon_core.package_identification:_identify(src/mrs_uav_system/ros_packages/mrs_uav_system) by extensions ['colcon_meta']
[0.131s] Level 1:colcon.colcon_core.package_identification:_identify(src/mrs_uav_system/ros_packages/mrs_uav_system) by extension 'colcon_meta'
[0.132s] Level 1:colcon.colcon_core.package_identification:_identify(src/mrs_uav_system/ros_packages/mrs_uav_system) by extensions ['ros']
[0.132s] Level 1:colcon.colcon_core.package_identification:_identify(src/mrs_uav_system/ros_packages/mrs_uav_system) by extension 'ros'
[0.132s] DEBUG:colcon.colcon_core.package_identification:Package 'src/mrs_uav_system/ros_packages/mrs_uav_system' with type 'ros.ament_cmake' and name 'mrs_uav_system'
[0.132s] Level 1:colcon.colcon_core.package_identification:_identify(src/mrs_uav_system/ros_packages/mrs_uav_system_full) by extensions ['ignore', 'ignore_ament_install']
[0.132s] Level 1:colcon.colcon_core.package_identification:_identify(src/mrs_uav_system/ros_packages/mrs_uav_system_full) by extension 'ignore'
[0.132s] Level 1:colcon.colcon_core.package_identification:_identify(src/mrs_uav_system/ros_packages/mrs_uav_system_full) by extension 'ignore_ament_install'
[0.132s] Level 1:colcon.colcon_core.package_identification:_identify(src/mrs_uav_system/ros_packages/mrs_uav_system_full) by extensions ['colcon_pkg']
[0.132s] Level 1:colcon.colcon_core.package_identification:_identify(src/mrs_uav_system/ros_packages/mrs_uav_system_full) by extension 'colcon_pkg'
[0.132s] Level 1:colcon.colcon_core.package_identification:_identify(src/mrs_uav_system/ros_packages/mrs_uav_system_full) by extensions ['colcon_meta']
[0.132s] Level 1:colcon.colcon_core.package_identification:_identify(src/mrs_uav_system/ros_packages/mrs_uav_system_full) by extension 'colcon_meta'
[0.132s] Level 1:colcon.colcon_core.package_identification:_identify(src/mrs_uav_system/ros_packages/mrs_uav_system_full) by extensions ['ros']
[0.132s] Level 1:colcon.colcon_core.package_identification:_identify(src/mrs_uav_system/ros_packages/mrs_uav_system_full) by extension 'ros'
[0.132s] DEBUG:colcon.colcon_core.package_identification:Package 'src/mrs_uav_system/ros_packages/mrs_uav_system_full' with type 'ros.ament_cmake' and name 'mrs_uav_system_full'
[0.133s] Level 1:colcon.colcon_core.package_discovery:discover_packages(recursive) using defaults
[0.133s] Level 1:colcon.colcon_core.package_discovery:discover_packages(ignore) discover
[0.133s] Level 1:colcon.colcon_core.package_discovery:discover_packages(ignore) using defaults
[0.133s] Level 1:colcon.colcon_core.package_discovery:discover_packages(path) discover
[0.133s] Level 1:colcon.colcon_core.package_discovery:discover_packages(path) using defaults
[0.146s] Level 1:colcon.colcon_core.package_discovery:discover_packages(prefix_path) check parameters
[0.146s] Level 1:colcon.colcon_core.package_discovery:discover_packages(prefix_path) discover
[0.147s] WARNING:colcon.colcon_ros.prefix_path.ament:The path '/home/cyrosrobot5/drone_ws/install/mrs_uav_system_full' in the environment variable AMENT_PREFIX_PATH doesn't exist
[0.147s] WARNING:colcon.colcon_ros.prefix_path.ament:The path '/home/cyrosrobot5/drone_ws/install/mrs_uav_system' in the environment variable AMENT_PREFIX_PATH doesn't exist
[0.147s] WARNING:colcon.colcon_ros.prefix_path.ament:The path '/home/cyrosrobot5/drone_ws/install/mrs_uav_gazebo_simulator' in the environment variable AMENT_PREFIX_PATH doesn't exist
[0.147s] WARNING:colcon.colcon_ros.prefix_path.ament:The path '/home/cyrosrobot5/drone_ws/install/drone_custom_control' in the environment variable AMENT_PREFIX_PATH doesn't exist
[0.147s] WARNING:colcon.colcon_ros.prefix_path.catkin:The path '/home/cyrosrobot5/drone_ws/install/drone_custom_control' in the environment variable CMAKE_PREFIX_PATH doesn't exist
[0.147s] WARNING:colcon.colcon_ros.prefix_path.catkin:The path '/home/cyrosrobot5/drone_ws/install/mrs_uav_system_full' in the environment variable CMAKE_PREFIX_PATH doesn't exist
[0.147s] WARNING:colcon.colcon_ros.prefix_path.catkin:The path '/home/cyrosrobot5/drone_ws/install/mrs_uav_system' in the environment variable CMAKE_PREFIX_PATH doesn't exist
[0.147s] DEBUG:colcon.colcon_installed_package_information.package_discovery:Found 0 installed packages in /home/cyrosrobot5/drone_ws/install
[0.149s] DEBUG:colcon.colcon_installed_package_information.package_discovery:Found 476 installed packages in /opt/ros/jazzy
[0.151s] Level 1:colcon.colcon_core.package_discovery:discover_packages(prefix_path) using defaults
[0.185s] Level 5:colcon.colcon_core.verb:set package 'drone_custom_control' build argument 'cmake_args' from command line to 'None'
[0.185s] Level 5:colcon.colcon_core.verb:set package 'drone_custom_control' build argument 'cmake_target' from command line to 'None'
[0.185s] Level 5:colcon.colcon_core.verb:set package 'drone_custom_control' build argument 'cmake_target_skip_unavailable' from command line to 'False'
[0.185s] Level 5:colcon.colcon_core.verb:set package 'drone_custom_control' build argument 'cmake_clean_cache' from command line to 'False'
[0.185s] Level 5:colcon.colcon_core.verb:set package 'drone_custom_control' build argument 'cmake_clean_first' from command line to 'False'
[0.185s] Level 5:colcon.colcon_core.verb:set package 'drone_custom_control' build argument 'cmake_force_configure' from command line to 'False'
[0.185s] Level 5:colcon.colcon_core.verb:set package 'drone_custom_control' build argument 'ament_cmake_args' from command line to 'None'
[0.185s] Level 5:colcon.colcon_core.verb:set package 'drone_custom_control' build argument 'catkin_cmake_args' from command line to 'None'
[0.185s] Level 5:colcon.colcon_core.verb:set package 'drone_custom_control' build argument 'catkin_skip_building_tests' from command line to 'False'
[0.186s] DEBUG:colcon.colcon_core.verb:Building package 'drone_custom_control' with the following arguments: {'ament_cmake_args': None, 'build_base': '/home/cyrosrobot5/drone_ws/build/drone_custom_control', 'catkin_cmake_args': None, 'catkin_skip_building_tests': False, 'cmake_args': None, 'cmake_clean_cache': False, 'cmake_clean_first': False, 'cmake_force_configure': False, 'cmake_target': None, 'cmake_target_skip_unavailable': False, 'install_base': '/home/cyrosrobot5/drone_ws/install/drone_custom_control', 'merge_install': False, 'path': '/home/cyrosrobot5/drone_ws/src/drone_custom_control', 'symlink_install': True, 'test_result_base': None}
[0.186s] Level 5:colcon.colcon_core.verb:set package 'mrs_uav_gazebo_simulator' build argument 'cmake_args' from command line to 'None'
[0.186s] Level 5:colcon.colcon_core.verb:set package 'mrs_uav_gazebo_simulator' build argument 'cmake_target' from command line to 'None'
[0.186s] Level 5:colcon.colcon_core.verb:set package 'mrs_uav_gazebo_simulator' build argument 'cmake_target_skip_unavailable' from command line to 'False'
[0.186s] Level 5:colcon.colcon_core.verb:set package 'mrs_uav_gazebo_simulator' build argument 'cmake_clean_cache' from command line to 'False'
[0.186s] Level 5:colcon.colcon_core.verb:set package 'mrs_uav_gazebo_simulator' build argument 'cmake_clean_first' from command line to 'False'
[0.186s] Level 5:colcon.colcon_core.verb:set package 'mrs_uav_gazebo_simulator' build argument 'cmake_force_configure' from command line to 'False'
[0.186s] Level 5:colcon.colcon_core.verb:set package 'mrs_uav_gazebo_simulator' build argument 'ament_cmake_args' from command line to 'None'
[0.186s] Level 5:colcon.colcon_core.verb:set package 'mrs_uav_gazebo_simulator' build argument 'catkin_cmake_args' from command line to 'None'
[0.186s] Level 5:colcon.colcon_core.verb:set package 'mrs_uav_gazebo_simulator' build argument 'catkin_skip_building_tests' from command line to 'False'
[0.186s] DEBUG:colcon.colcon_core.verb:Building package 'mrs_uav_gazebo_simulator' with the following arguments: {'ament_cmake_args': None, 'build_base': '/home/cyrosrobot5/drone_ws/build/mrs_uav_gazebo_simulator', 'catkin_cmake_args': None, 'catkin_skip_building_tests': False, 'cmake_args': None, 'cmake_clean_cache': False, 'cmake_clean_first': False, 'cmake_force_configure': False, 'cmake_target': None, 'cmake_target_skip_unavailable': False, 'install_base': '/home/cyrosrobot5/drone_ws/install/mrs_uav_gazebo_simulator', 'merge_install': False, 'path': '/home/cyrosrobot5/drone_ws/src/mrs_uav_gazebo_simulator', 'symlink_install': True, 'test_result_base': None}
[0.186s] Level 5:colcon.colcon_core.verb:set package 'mrs_uav_system' build argument 'cmake_args' from command line to 'None'
[0.186s] Level 5:colcon.colcon_core.verb:set package 'mrs_uav_system' build argument 'cmake_target' from command line to 'None'
[0.186s] Level 5:colcon.colcon_core.verb:set package 'mrs_uav_system' build argument 'cmake_target_skip_unavailable' from command line to 'False'
[0.186s] Level 5:colcon.colcon_core.verb:set package 'mrs_uav_system' build argument 'cmake_clean_cache' from command line to 'False'
[0.186s] Level 5:colcon.colcon_core.verb:set package 'mrs_uav_system' build argument 'cmake_clean_first' from command line to 'False'
[0.186s] Level 5:colcon.colcon_core.verb:set package 'mrs_uav_system' build argument 'cmake_force_configure' from command line to 'False'
[0.186s] Level 5:colcon.colcon_core.verb:set package 'mrs_uav_system' build argument 'ament_cmake_args' from command line to 'None'
[0.186s] Level 5:colcon.colcon_core.verb:set package 'mrs_uav_system' build argument 'catkin_cmake_args' from command line to 'None'
[0.186s] Level 5:colcon.colcon_core.verb:set package 'mrs_uav_system' build argument 'catkin_skip_building_tests' from command line to 'False'
[0.186s] DEBUG:colcon.colcon_core.verb:Building package 'mrs_uav_system' with the following arguments: {'ament_cmake_args': None, 'build_base': '/home/cyrosrobot5/drone_ws/build/mrs_uav_system', 'catkin_cmake_args': None, 'catkin_skip_building_tests': False, 'cmake_args': None, 'cmake_clean_cache': False, 'cmake_clean_first': False, 'cmake_force_configure': False, 'cmake_target': None, 'cmake_target_skip_unavailable': False, 'install_base': '/home/cyrosrobot5/drone_ws/install/mrs_uav_system', 'merge_install': False, 'path': '/home/cyrosrobot5/drone_ws/src/mrs_uav_system/ros_packages/mrs_uav_system', 'symlink_install': True, 'test_result_base': None}
[0.186s] Level 5:colcon.colcon_core.verb:set package 'mrs_uav_system_full' build argument 'cmake_args' from command line to 'None'
[0.186s] Level 5:colcon.colcon_core.verb:set package 'mrs_uav_system_full' build argument 'cmake_target' from command line to 'None'
[0.186s] Level 5:colcon.colcon_core.verb:set package 'mrs_uav_system_full' build argument 'cmake_target_skip_unavailable' from command line to 'False'
[0.186s] Level 5:colcon.colcon_core.verb:set package 'mrs_uav_system_full' build argument 'cmake_clean_cache' from command line to 'False'
[0.186s] Level 5:colcon.colcon_core.verb:set package 'mrs_uav_system_full' build argument 'cmake_clean_first' from command line to 'False'
[0.186s] Level 5:colcon.colcon_core.verb:set package 'mrs_uav_system_full' build argument 'cmake_force_configure' from command line to 'False'
[0.186s] Level 5:colcon.colcon_core.verb:set package 'mrs_uav_system_full' build argument 'ament_cmake_args' from command line to 'None'
[0.186s] Level 5:colcon.colcon_core.verb:set package 'mrs_uav_system_full' build argument 'catkin_cmake_args' from command line to 'None'
[0.186s] Level 5:colcon.colcon_core.verb:set package 'mrs_uav_system_full' build argument 'catkin_skip_building_tests' from command line to 'False'
[0.186s] DEBUG:colcon.colcon_core.verb:Building package 'mrs_uav_system_full' with the following arguments: {'ament_cmake_args': None, 'build_base': '/home/cyrosrobot5/drone_ws/build/mrs_uav_system_full', 'catkin_cmake_args': None, 'catkin_skip_building_tests': False, 'cmake_args': None, 'cmake_clean_cache': False, 'cmake_clean_first': False, 'cmake_force_configure': False, 'cmake_target': None, 'cmake_target_skip_unavailable': False, 'install_base': '/home/cyrosrobot5/drone_ws/install/mrs_uav_system_full', 'merge_install': False, 'path': '/home/cyrosrobot5/drone_ws/src/mrs_uav_system/ros_packages/mrs_uav_system_full', 'symlink_install': True, 'test_result_base': None}
[0.186s] INFO:colcon.colcon_core.executor:Executing jobs using 'parallel' executor
[0.189s] DEBUG:colcon.colcon_parallel_executor.executor.parallel:run_until_complete
[0.189s] INFO:colcon.colcon_ros.task.ament_python.build:Building ROS package in '/home/cyrosrobot5/drone_ws/src/mrs_uav_gazebo_simulator' with build type 'ament_python'
[0.189s] Level 1:colcon.colcon_core.shell:create_environment_hook('mrs_uav_gazebo_simulator', 'ament_prefix_path')
[0.191s] INFO:colcon.colcon_core.plugin_system:Skipping extension 'colcon_core.shell.bat': Not used on non-Windows systems
[0.191s] INFO:colcon.colcon_core.shell:Creating environment hook '/home/cyrosrobot5/drone_ws/install/mrs_uav_gazebo_simulator/share/mrs_uav_gazebo_simulator/hook/ament_prefix_path.ps1'
[0.191s] INFO:colcon.colcon_core.shell:Creating environment descriptor '/home/cyrosrobot5/drone_ws/install/mrs_uav_gazebo_simulator/share/mrs_uav_gazebo_simulator/hook/ament_prefix_path.dsv'
[0.192s] INFO:colcon.colcon_core.shell:Creating environment hook '/home/cyrosrobot5/drone_ws/install/mrs_uav_gazebo_simulator/share/mrs_uav_gazebo_simulator/hook/ament_prefix_path.sh'
[0.192s] INFO:colcon.colcon_core.shell:Skip shell extension 'powershell' for command environment: Not usable outside of PowerShell
[0.192s] DEBUG:colcon.colcon_core.shell:Skip shell extension 'dsv' for command environment
[0.195s] INFO:colcon.colcon_ros.task.ament_python.build:Building ROS package in '/home/cyrosrobot5/drone_ws/src/drone_custom_control' with build type 'ament_python'
[0.195s] Level 1:colcon.colcon_core.shell:create_environment_hook('drone_custom_control', 'ament_prefix_path')
[0.196s] INFO:colcon.colcon_core.shell:Creating environment hook '/home/cyrosrobot5/drone_ws/install/drone_custom_control/share/drone_custom_control/hook/ament_prefix_path.ps1'
[0.196s] INFO:colcon.colcon_core.shell:Creating environment descriptor '/home/cyrosrobot5/drone_ws/install/drone_custom_control/share/drone_custom_control/hook/ament_prefix_path.dsv'
[0.197s] INFO:colcon.colcon_core.shell:Creating environment hook '/home/cyrosrobot5/drone_ws/install/drone_custom_control/share/drone_custom_control/hook/ament_prefix_path.sh'
[0.198s] INFO:colcon.colcon_core.shell:Skip shell extension 'powershell' for command environment: Not usable outside of PowerShell
[0.198s] DEBUG:colcon.colcon_core.shell:Skip shell extension 'dsv' for command environment
[0.201s] INFO:colcon.colcon_ros.task.ament_cmake.build:Building ROS package in '/home/cyrosrobot5/drone_ws/src/mrs_uav_system/ros_packages/mrs_uav_system' with build type 'ament_cmake'
[0.201s] INFO:colcon.colcon_cmake.task.cmake.build:Building CMake package in '/home/cyrosrobot5/drone_ws/src/mrs_uav_system/ros_packages/mrs_uav_system'
[0.201s] INFO:colcon.colcon_core.shell:Skip shell extension 'powershell' for command environment: Not usable outside of PowerShell
[0.201s] DEBUG:colcon.colcon_core.shell:Skip shell extension 'dsv' for command environment
[0.399s] INFO:colcon.colcon_core.task.python.build:Building Python package in '/home/cyrosrobot5/drone_ws/src/mrs_uav_gazebo_simulator'
[0.399s] INFO:colcon.colcon_core.shell:Skip shell extension 'powershell' for command environment: Not usable outside of PowerShell
[0.399s] DEBUG:colcon.colcon_core.shell:Skip shell extension 'dsv' for command environment
[0.563s] INFO:colcon.colcon_core.task.python.build:Building Python package in '/home/cyrosrobot5/drone_ws/src/drone_custom_control'
[0.564s] INFO:colcon.colcon_core.shell:Skip shell extension 'powershell' for command environment: Not usable outside of PowerShell
[0.564s] DEBUG:colcon.colcon_core.shell:Skip shell extension 'dsv' for command environment
[0.572s] DEBUG:colcon.colcon_core.event_handler.log_command:Invoking command in '/home/cyrosrobot5/drone_ws/build/mrs_uav_system': CMAKE_PREFIX_PATH=${CMAKE_PREFIX_PATH}:/home/cyrosrobot5/drone_ws/install/mrs_uav_gazebo_simulator DEBUGINFOD_URLS=https://debuginfod.ubuntu.com /usr/bin/cmake /home/cyrosrobot5/drone_ws/src/mrs_uav_system/ros_packages/mrs_uav_system -DAMENT_CMAKE_SYMLINK_INSTALL=1 -DCMAKE_INSTALL_PREFIX=/home/cyrosrobot5/drone_ws/install/mrs_uav_system
[1.101s] DEBUG:colcon.colcon_core.event_handler.log_command:Invoking command in '/home/cyrosrobot5/drone_ws/build/mrs_uav_gazebo_simulator': DEBUGINFOD_URLS=https://debuginfod.ubuntu.com PYTHONPATH=/home/cyrosrobot5/drone_ws/build/mrs_uav_gazebo_simulator/prefix_override:/usr/lib/python3/dist-packages/colcon_core/task/python/colcon_distutils_commands:/home/cyrosrobot5/drone_ws/install/mrs_uav_gazebo_simulator/lib/python3.12/site-packages:${PYTHONPATH} /usr/bin/python3 -W ignore:setup.py install is deprecated -W ignore:easy_install command is deprecated setup.py develop --editable --build-directory /home/cyrosrobot5/drone_ws/build/mrs_uav_gazebo_simulator/build --no-deps symlink_data
[1.111s] DEBUG:colcon.colcon_core.event_handler.log_command:Invoking command in '/home/cyrosrobot5/drone_ws/build/drone_custom_control': DEBUGINFOD_URLS=https://debuginfod.ubuntu.com PYTHONPATH=/home/cyrosrobot5/drone_ws/build/drone_custom_control/prefix_override:/usr/lib/python3/dist-packages/colcon_core/task/python/colcon_distutils_commands:/home/cyrosrobot5/drone_ws/install/drone_custom_control/lib/python3.12/site-packages:${PYTHONPATH} /usr/bin/python3 -W ignore:setup.py install is deprecated -W ignore:easy_install command is deprecated setup.py develop --editable --build-directory /home/cyrosrobot5/drone_ws/build/drone_custom_control/build --no-deps symlink_data
[1.303s] DEBUG:colcon.colcon_core.event_handler.log_command:Invoked command in '/home/cyrosrobot5/drone_ws/build/mrs_uav_system' returned '0': CMAKE_PREFIX_PATH=${CMAKE_PREFIX_PATH}:/home/cyrosrobot5/drone_ws/install/mrs_uav_gazebo_simulator DEBUGINFOD_URLS=https://debuginfod.ubuntu.com /usr/bin/cmake /home/cyrosrobot5/drone_ws/src/mrs_uav_system/ros_packages/mrs_uav_system -DAMENT_CMAKE_SYMLINK_INSTALL=1 -DCMAKE_INSTALL_PREFIX=/home/cyrosrobot5/drone_ws/install/mrs_uav_system
[1.305s] DEBUG:colcon.colcon_core.event_handler.log_command:Invoking command in '/home/cyrosrobot5/drone_ws/build/mrs_uav_system': CMAKE_PREFIX_PATH=${CMAKE_PREFIX_PATH}:/home/cyrosrobot5/drone_ws/install/mrs_uav_gazebo_simulator DEBUGINFOD_URLS=https://debuginfod.ubuntu.com /usr/bin/cmake --build /home/cyrosrobot5/drone_ws/build/mrs_uav_system -- -j12 -l12
[1.350s] DEBUG:colcon.colcon_core.event_handler.log_command:Invoked command in '/home/cyrosrobot5/drone_ws/build/mrs_uav_system' returned '0': CMAKE_PREFIX_PATH=${CMAKE_PREFIX_PATH}:/home/cyrosrobot5/drone_ws/install/mrs_uav_gazebo_simulator DEBUGINFOD_URLS=https://debuginfod.ubuntu.com /usr/bin/cmake --build /home/cyrosrobot5/drone_ws/build/mrs_uav_system -- -j12 -l12
[1.360s] DEBUG:colcon.colcon_core.event_handler.log_command:Invoking command in '/home/cyrosrobot5/drone_ws/build/mrs_uav_system': CMAKE_PREFIX_PATH=${CMAKE_PREFIX_PATH}:/home/cyrosrobot5/drone_ws/install/mrs_uav_gazebo_simulator DEBUGINFOD_URLS=https://debuginfod.ubuntu.com /usr/bin/cmake --install /home/cyrosrobot5/drone_ws/build/mrs_uav_system
[1.479s] Level 1:colcon.colcon_core.environment:create_environment_scripts_only(mrs_uav_system)
[1.481s] DEBUG:colcon.colcon_core.event_handler.log_command:Invoked command in '/home/cyrosrobot5/drone_ws/build/mrs_uav_system' returned '0': CMAKE_PREFIX_PATH=${CMAKE_PREFIX_PATH}:/home/cyrosrobot5/drone_ws/install/mrs_uav_gazebo_simulator DEBUGINFOD_URLS=https://debuginfod.ubuntu.com /usr/bin/cmake --install /home/cyrosrobot5/drone_ws/build/mrs_uav_system
[1.482s] Level 1:colcon.colcon_core.environment:checking '/home/cyrosrobot5/drone_ws/install/mrs_uav_system' for CMake module files
[1.482s] Level 1:colcon.colcon_core.environment:checking '/home/cyrosrobot5/drone_ws/install/mrs_uav_system' for CMake config files
[1.483s] Level 1:colcon.colcon_core.shell:create_environment_hook('mrs_uav_system', 'cmake_prefix_path')
[1.483s] INFO:colcon.colcon_core.shell:Creating environment hook '/home/cyrosrobot5/drone_ws/install/mrs_uav_system/share/mrs_uav_system/hook/cmake_prefix_path.ps1'
[1.483s] INFO:colcon.colcon_core.shell:Creating environment descriptor '/home/cyrosrobot5/drone_ws/install/mrs_uav_system/share/mrs_uav_system/hook/cmake_prefix_path.dsv'
[1.483s] INFO:colcon.colcon_core.shell:Creating environment hook '/home/cyrosrobot5/drone_ws/install/mrs_uav_system/share/mrs_uav_system/hook/cmake_prefix_path.sh'
[1.484s] Level 1:colcon.colcon_core.environment:checking '/home/cyrosrobot5/drone_ws/install/mrs_uav_system/bin'
[1.484s] Level 1:colcon.colcon_core.environment:checking '/home/cyrosrobot5/drone_ws/install/mrs_uav_system/lib/pkgconfig/mrs_uav_system.pc'
[1.484s] Level 1:colcon.colcon_core.environment:checking '/home/cyrosrobot5/drone_ws/install/mrs_uav_system/lib/python3.12/site-packages'
[1.485s] Level 1:colcon.colcon_core.environment:checking '/home/cyrosrobot5/drone_ws/install/mrs_uav_system/bin'
[1.485s] INFO:colcon.colcon_core.shell:Creating package script '/home/cyrosrobot5/drone_ws/install/mrs_uav_system/share/mrs_uav_system/package.ps1'
[1.485s] INFO:colcon.colcon_core.shell:Creating package descriptor '/home/cyrosrobot5/drone_ws/install/mrs_uav_system/share/mrs_uav_system/package.dsv'
[1.486s] INFO:colcon.colcon_core.shell:Creating package script '/home/cyrosrobot5/drone_ws/install/mrs_uav_system/share/mrs_uav_system/package.sh'
[1.486s] INFO:colcon.colcon_core.shell:Creating package script '/home/cyrosrobot5/drone_ws/install/mrs_uav_system/share/mrs_uav_system/package.bash'
[1.487s] INFO:colcon.colcon_core.shell:Creating package script '/home/cyrosrobot5/drone_ws/install/mrs_uav_system/share/mrs_uav_system/package.zsh'
[1.487s] Level 1:colcon.colcon_core.environment:create_file_with_runtime_dependencies(/home/cyrosrobot5/drone_ws/install/mrs_uav_system/share/colcon-core/packages/mrs_uav_system)
[1.487s] Level 1:colcon.colcon_core.environment:create_environment_scripts_only(mrs_uav_system)
[1.488s] Level 1:colcon.colcon_core.environment:checking '/home/cyrosrobot5/drone_ws/install/mrs_uav_system' for CMake module files
[1.488s] Level 1:colcon.colcon_core.environment:checking '/home/cyrosrobot5/drone_ws/install/mrs_uav_system' for CMake config files
[1.488s] Level 1:colcon.colcon_core.shell:create_environment_hook('mrs_uav_system', 'cmake_prefix_path')
[1.488s] INFO:colcon.colcon_core.shell:Creating environment hook '/home/cyrosrobot5/drone_ws/install/mrs_uav_system/share/mrs_uav_system/hook/cmake_prefix_path.ps1'
[1.488s] INFO:colcon.colcon_core.shell:Creating environment descriptor '/home/cyrosrobot5/drone_ws/install/mrs_uav_system/share/mrs_uav_system/hook/cmake_prefix_path.dsv'
[1.489s] INFO:colcon.colcon_core.shell:Creating environment hook '/home/cyrosrobot5/drone_ws/install/mrs_uav_system/share/mrs_uav_system/hook/cmake_prefix_path.sh'
[1.489s] Level 1:colcon.colcon_core.environment:checking '/home/cyrosrobot5/drone_ws/install/mrs_uav_system/bin'
[1.489s] Level 1:colcon.colcon_core.environment:checking '/home/cyrosrobot5/drone_ws/install/mrs_uav_system/lib/pkgconfig/mrs_uav_system.pc'
[1.489s] Level 1:colcon.colcon_core.environment:checking '/home/cyrosrobot5/drone_ws/install/mrs_uav_system/lib/python3.12/site-packages'
[1.489s] Level 1:colcon.colcon_core.environment:checking '/home/cyrosrobot5/drone_ws/install/mrs_uav_system/bin'
[1.490s] INFO:colcon.colcon_core.shell:Creating package script '/home/cyrosrobot5/drone_ws/install/mrs_uav_system/share/mrs_uav_system/package.ps1'
[1.490s] INFO:colcon.colcon_core.shell:Creating package descriptor '/home/cyrosrobot5/drone_ws/install/mrs_uav_system/share/mrs_uav_system/package.dsv'
[1.490s] INFO:colcon.colcon_core.shell:Creating package script '/home/cyrosrobot5/drone_ws/install/mrs_uav_system/share/mrs_uav_system/package.sh'
[1.490s] INFO:colcon.colcon_core.shell:Creating package script '/home/cyrosrobot5/drone_ws/install/mrs_uav_system/share/mrs_uav_system/package.bash'
[1.491s] INFO:colcon.colcon_core.shell:Creating package script '/home/cyrosrobot5/drone_ws/install/mrs_uav_system/share/mrs_uav_system/package.zsh'
[1.491s] Level 1:colcon.colcon_core.environment:create_file_with_runtime_dependencies(/home/cyrosrobot5/drone_ws/install/mrs_uav_system/share/colcon-core/packages/mrs_uav_system)
[1.640s] Level 1:colcon.colcon_core.shell:create_environment_hook('drone_custom_control', 'pythonpath_develop')
[1.641s] INFO:colcon.colcon_core.shell:Creating environment hook '/home/cyrosrobot5/drone_ws/build/drone_custom_control/share/drone_custom_control/hook/pythonpath_develop.ps1'
[1.642s] DEBUG:colcon.colcon_core.event_handler.log_command:Invoked command in '/home/cyrosrobot5/drone_ws/build/drone_custom_control' returned '0': DEBUGINFOD_URLS=https://debuginfod.ubuntu.com PYTHONPATH=/home/cyrosrobot5/drone_ws/build/drone_custom_control/prefix_override:/usr/lib/python3/dist-packages/colcon_core/task/python/colcon_distutils_commands:/home/cyrosrobot5/drone_ws/install/drone_custom_control/lib/python3.12/site-packages:${PYTHONPATH} /usr/bin/python3 -W ignore:setup.py install is deprecated -W ignore:easy_install command is deprecated setup.py develop --editable --build-directory /home/cyrosrobot5/drone_ws/build/drone_custom_control/build --no-deps symlink_data
[1.643s] INFO:colcon.colcon_core.shell:Creating environment descriptor '/home/cyrosrobot5/drone_ws/build/drone_custom_control/share/drone_custom_control/hook/pythonpath_develop.dsv'
[1.643s] INFO:colcon.colcon_core.shell:Creating environment hook '/home/cyrosrobot5/drone_ws/build/drone_custom_control/share/drone_custom_control/hook/pythonpath_develop.sh'
[1.643s] Level 1:colcon.colcon_core.environment:checking '/home/cyrosrobot5/drone_ws/install/drone_custom_control' for CMake module files
[1.644s] Level 1:colcon.colcon_core.environment:checking '/home/cyrosrobot5/drone_ws/install/drone_custom_control' for CMake config files
[1.644s] Level 1:colcon.colcon_core.environment:checking '/home/cyrosrobot5/drone_ws/install/drone_custom_control/lib'
[1.644s] Level 1:colcon.colcon_core.environment:checking '/home/cyrosrobot5/drone_ws/install/drone_custom_control/bin'
[1.644s] Level 1:colcon.colcon_core.environment:checking '/home/cyrosrobot5/drone_ws/install/drone_custom_control/lib/pkgconfig/drone_custom_control.pc'
[1.644s] Level 1:colcon.colcon_core.environment:checking '/home/cyrosrobot5/drone_ws/install/drone_custom_control/lib/python3.12/site-packages'
[1.644s] Level 1:colcon.colcon_core.shell:create_environment_hook('drone_custom_control', 'pythonpath')
[1.645s] INFO:colcon.colcon_core.shell:Creating environment hook '/home/cyrosrobot5/drone_ws/install/drone_custom_control/share/drone_custom_control/hook/pythonpath.ps1'
[1.645s] INFO:colcon.colcon_core.shell:Creating environment descriptor '/home/cyrosrobot5/drone_ws/install/drone_custom_control/share/drone_custom_control/hook/pythonpath.dsv'
[1.645s] INFO:colcon.colcon_core.shell:Creating environment hook '/home/cyrosrobot5/drone_ws/install/drone_custom_control/share/drone_custom_control/hook/pythonpath.sh'
[1.646s] Level 1:colcon.colcon_core.environment:checking '/home/cyrosrobot5/drone_ws/install/drone_custom_control/bin'
[1.646s] Level 1:colcon.colcon_core.environment:create_environment_scripts_only(drone_custom_control)
[1.646s] INFO:colcon.colcon_core.shell:Creating package script '/home/cyrosrobot5/drone_ws/install/drone_custom_control/share/drone_custom_control/package.ps1'
[1.647s] INFO:colcon.colcon_core.shell:Creating package descriptor '/home/cyrosrobot5/drone_ws/install/drone_custom_control/share/drone_custom_control/package.dsv'
[1.647s] INFO:colcon.colcon_core.shell:Creating package script '/home/cyrosrobot5/drone_ws/install/drone_custom_control/share/drone_custom_control/package.sh'
[1.647s] INFO:colcon.colcon_core.shell:Creating package script '/home/cyrosrobot5/drone_ws/install/drone_custom_control/share/drone_custom_control/package.bash'
[1.647s] INFO:colcon.colcon_core.shell:Creating package script '/home/cyrosrobot5/drone_ws/install/drone_custom_control/share/drone_custom_control/package.zsh'
[1.648s] Level 1:colcon.colcon_core.environment:create_file_with_runtime_dependencies(/home/cyrosrobot5/drone_ws/install/drone_custom_control/share/colcon-core/packages/drone_custom_control)
[1.658s] Level 1:colcon.colcon_core.shell:create_environment_hook('mrs_uav_gazebo_simulator', 'pythonpath_develop')
[1.658s] INFO:colcon.colcon_core.shell:Creating environment hook '/home/cyrosrobot5/drone_ws/build/mrs_uav_gazebo_simulator/share/mrs_uav_gazebo_simulator/hook/pythonpath_develop.ps1'
[1.659s] DEBUG:colcon.colcon_core.event_handler.log_command:Invoked command in '/home/cyrosrobot5/drone_ws/build/mrs_uav_gazebo_simulator' returned '0': DEBUGINFOD_URLS=https://debuginfod.ubuntu.com PYTHONPATH=/home/cyrosrobot5/drone_ws/build/mrs_uav_gazebo_simulator/prefix_override:/usr/lib/python3/dist-packages/colcon_core/task/python/colcon_distutils_commands:/home/cyrosrobot5/drone_ws/install/mrs_uav_gazebo_simulator/lib/python3.12/site-packages:${PYTHONPATH} /usr/bin/python3 -W ignore:setup.py install is deprecated -W ignore:easy_install command is deprecated setup.py develop --editable --build-directory /home/cyrosrobot5/drone_ws/build/mrs_uav_gazebo_simulator/build --no-deps symlink_data
[1.659s] INFO:colcon.colcon_core.shell:Creating environment descriptor '/home/cyrosrobot5/drone_ws/build/mrs_uav_gazebo_simulator/share/mrs_uav_gazebo_simulator/hook/pythonpath_develop.dsv'
[1.659s] INFO:colcon.colcon_core.shell:Creating environment hook '/home/cyrosrobot5/drone_ws/build/mrs_uav_gazebo_simulator/share/mrs_uav_gazebo_simulator/hook/pythonpath_develop.sh'
[1.660s] Level 1:colcon.colcon_core.environment:checking '/home/cyrosrobot5/drone_ws/install/mrs_uav_gazebo_simulator' for CMake module files
[1.660s] Level 1:colcon.colcon_core.environment:checking '/home/cyrosrobot5/drone_ws/install/mrs_uav_gazebo_simulator' for CMake config files
[1.663s] Level 1:colcon.colcon_core.environment:checking '/home/cyrosrobot5/drone_ws/install/mrs_uav_gazebo_simulator/lib'
[1.663s] Level 1:colcon.colcon_core.environment:checking '/home/cyrosrobot5/drone_ws/install/mrs_uav_gazebo_simulator/bin'
[1.663s] Level 1:colcon.colcon_core.environment:checking '/home/cyrosrobot5/drone_ws/install/mrs_uav_gazebo_simulator/lib/pkgconfig/mrs_uav_gazebo_simulator.pc'
[1.663s] Level 1:colcon.colcon_core.environment:checking '/home/cyrosrobot5/drone_ws/install/mrs_uav_gazebo_simulator/lib/python3.12/site-packages'
[1.663s] Level 1:colcon.colcon_core.shell:create_environment_hook('mrs_uav_gazebo_simulator', 'pythonpath')
[1.663s] INFO:colcon.colcon_core.shell:Creating environment hook '/home/cyrosrobot5/drone_ws/install/mrs_uav_gazebo_simulator/share/mrs_uav_gazebo_simulator/hook/pythonpath.ps1'
[1.664s] INFO:colcon.colcon_core.shell:Creating environment descriptor '/home/cyrosrobot5/drone_ws/install/mrs_uav_gazebo_simulator/share/mrs_uav_gazebo_simulator/hook/pythonpath.dsv'
[1.664s] INFO:colcon.colcon_core.shell:Creating environment hook '/home/cyrosrobot5/drone_ws/install/mrs_uav_gazebo_simulator/share/mrs_uav_gazebo_simulator/hook/pythonpath.sh'
[1.664s] Level 1:colcon.colcon_core.environment:checking '/home/cyrosrobot5/drone_ws/install/mrs_uav_gazebo_simulator/bin'
[1.664s] Level 1:colcon.colcon_core.environment:create_environment_scripts_only(mrs_uav_gazebo_simulator)
[1.665s] INFO:colcon.colcon_core.shell:Creating package script '/home/cyrosrobot5/drone_ws/install/mrs_uav_gazebo_simulator/share/mrs_uav_gazebo_simulator/package.ps1'
[1.665s] INFO:colcon.colcon_core.shell:Creating package descriptor '/home/cyrosrobot5/drone_ws/install/mrs_uav_gazebo_simulator/share/mrs_uav_gazebo_simulator/package.dsv'
[1.665s] INFO:colcon.colcon_core.shell:Creating package script '/home/cyrosrobot5/drone_ws/install/mrs_uav_gazebo_simulator/share/mrs_uav_gazebo_simulator/package.sh'
[1.665s] INFO:colcon.colcon_core.shell:Creating package script '/home/cyrosrobot5/drone_ws/install/mrs_uav_gazebo_simulator/share/mrs_uav_gazebo_simulator/package.bash'
[1.666s] INFO:colcon.colcon_core.shell:Creating package script '/home/cyrosrobot5/drone_ws/install/mrs_uav_gazebo_simulator/share/mrs_uav_gazebo_simulator/package.zsh'
[1.666s] Level 1:colcon.colcon_core.environment:create_file_with_runtime_dependencies(/home/cyrosrobot5/drone_ws/install/mrs_uav_gazebo_simulator/share/colcon-core/packages/mrs_uav_gazebo_simulator)
[1.666s] INFO:colcon.colcon_ros.task.ament_cmake.build:Building ROS package in '/home/cyrosrobot5/drone_ws/src/mrs_uav_system/ros_packages/mrs_uav_system_full' with build type 'ament_cmake'
[1.666s] INFO:colcon.colcon_cmake.task.cmake.build:Building CMake package in '/home/cyrosrobot5/drone_ws/src/mrs_uav_system/ros_packages/mrs_uav_system_full'
[1.666s] INFO:colcon.colcon_core.shell:Skip shell extension 'powershell' for command environment: Not usable outside of PowerShell
[1.666s] DEBUG:colcon.colcon_core.shell:Skip shell extension 'dsv' for command environment
[1.678s] DEBUG:colcon.colcon_core.event_handler.log_command:Invoking command in '/home/cyrosrobot5/drone_ws/build/mrs_uav_system_full': AMENT_PREFIX_PATH=/home/cyrosrobot5/drone_ws/install/mrs_uav_gazebo_simulator:/home/cyrosrobot5/drone_ws/install/mrs_uav_system_full:/home/cyrosrobot5/drone_ws/install/mrs_uav_system:/home/cyrosrobot5/drone_ws/install/drone_custom_control:/opt/ros/jazzy CMAKE_PREFIX_PATH=${CMAKE_PREFIX_PATH}:/home/cyrosrobot5/drone_ws/install/mrs_uav_gazebo_simulator DEBUGINFOD_URLS=https://debuginfod.ubuntu.com /usr/bin/cmake /home/cyrosrobot5/drone_ws/src/mrs_uav_system/ros_packages/mrs_uav_system_full -DAMENT_CMAKE_SYMLINK_INSTALL=1 -DCMAKE_INSTALL_PREFIX=/home/cyrosrobot5/drone_ws/install/mrs_uav_system_full
[2.343s] DEBUG:colcon.colcon_core.event_handler.log_command:Invoked command in '/home/cyrosrobot5/drone_ws/build/mrs_uav_system_full' returned '0': AMENT_PREFIX_PATH=/home/cyrosrobot5/drone_ws/install/mrs_uav_gazebo_simulator:/home/cyrosrobot5/drone_ws/install/mrs_uav_system_full:/home/cyrosrobot5/drone_ws/install/mrs_uav_system:/home/cyrosrobot5/drone_ws/install/drone_custom_control:/opt/ros/jazzy CMAKE_PREFIX_PATH=${CMAKE_PREFIX_PATH}:/home/cyrosrobot5/drone_ws/install/mrs_uav_gazebo_simulator DEBUGINFOD_URLS=https://debuginfod.ubuntu.com /usr/bin/cmake /home/cyrosrobot5/drone_ws/src/mrs_uav_system/ros_packages/mrs_uav_system_full -DAMENT_CMAKE_SYMLINK_INSTALL=1 -DCMAKE_INSTALL_PREFIX=/home/cyrosrobot5/drone_ws/install/mrs_uav_system_full
[2.345s] DEBUG:colcon.colcon_core.event_handler.log_command:Invoking command in '/home/cyrosrobot5/drone_ws/build/mrs_uav_system_full': AMENT_PREFIX_PATH=/home/cyrosrobot5/drone_ws/install/mrs_uav_gazebo_simulator:/home/cyrosrobot5/drone_ws/install/mrs_uav_system_full:/home/cyrosrobot5/drone_ws/install/mrs_uav_system:/home/cyrosrobot5/drone_ws/install/drone_custom_control:/opt/ros/jazzy CMAKE_PREFIX_PATH=${CMAKE_PREFIX_PATH}:/home/cyrosrobot5/drone_ws/install/mrs_uav_gazebo_simulator DEBUGINFOD_URLS=https://debuginfod.ubuntu.com /usr/bin/cmake --build /home/cyrosrobot5/drone_ws/build/mrs_uav_system_full -- -j12 -l12
[2.381s] DEBUG:colcon.colcon_core.event_handler.log_command:Invoked command in '/home/cyrosrobot5/drone_ws/build/mrs_uav_system_full' returned '0': AMENT_PREFIX_PATH=/home/cyrosrobot5/drone_ws/install/mrs_uav_gazebo_simulator:/home/cyrosrobot5/drone_ws/install/mrs_uav_system_full:/home/cyrosrobot5/drone_ws/install/mrs_uav_system:/home/cyrosrobot5/drone_ws/install/drone_custom_control:/opt/ros/jazzy CMAKE_PREFIX_PATH=${CMAKE_PREFIX_PATH}:/home/cyrosrobot5/drone_ws/install/mrs_uav_gazebo_simulator DEBUGINFOD_URLS=https://debuginfod.ubuntu.com /usr/bin/cmake --build /home/cyrosrobot5/drone_ws/build/mrs_uav_system_full -- -j12 -l12
[2.383s] DEBUG:colcon.colcon_core.event_handler.log_command:Invoking command in '/home/cyrosrobot5/drone_ws/build/mrs_uav_system_full': AMENT_PREFIX_PATH=/home/cyrosrobot5/drone_ws/install/mrs_uav_gazebo_simulator:/home/cyrosrobot5/drone_ws/install/mrs_uav_system_full:/home/cyrosrobot5/drone_ws/install/mrs_uav_system:/home/cyrosrobot5/drone_ws/install/drone_custom_control:/opt/ros/jazzy CMAKE_PREFIX_PATH=${CMAKE_PREFIX_PATH}:/home/cyrosrobot5/drone_ws/install/mrs_uav_gazebo_simulator DEBUGINFOD_URLS=https://debuginfod.ubuntu.com /usr/bin/cmake --install /home/cyrosrobot5/drone_ws/build/mrs_uav_system_full
[2.504s] Level 1:colcon.colcon_core.environment:create_environment_scripts_only(mrs_uav_system_full)
[2.505s] Level 1:colcon.colcon_core.environment:checking '/home/cyrosrobot5/drone_ws/install/mrs_uav_system_full' for CMake module files
[2.505s] DEBUG:colcon.colcon_core.event_handler.log_command:Invoked command in '/home/cyrosrobot5/drone_ws/build/mrs_uav_system_full' returned '0': AMENT_PREFIX_PATH=/home/cyrosrobot5/drone_ws/install/mrs_uav_gazebo_simulator:/home/cyrosrobot5/drone_ws/install/mrs_uav_system_full:/home/cyrosrobot5/drone_ws/install/mrs_uav_system:/home/cyrosrobot5/drone_ws/install/drone_custom_control:/opt/ros/jazzy CMAKE_PREFIX_PATH=${CMAKE_PREFIX_PATH}:/home/cyrosrobot5/drone_ws/install/mrs_uav_gazebo_simulator DEBUGINFOD_URLS=https://debuginfod.ubuntu.com /usr/bin/cmake --install /home/cyrosrobot5/drone_ws/build/mrs_uav_system_full
[2.505s] Level 1:colcon.colcon_core.environment:checking '/home/cyrosrobot5/drone_ws/install/mrs_uav_system_full' for CMake config files
[2.505s] Level 1:colcon.colcon_core.shell:create_environment_hook('mrs_uav_system_full', 'cmake_prefix_path')
[2.506s] INFO:colcon.colcon_core.shell:Creating environment hook '/home/cyrosrobot5/drone_ws/install/mrs_uav_system_full/share/mrs_uav_system_full/hook/cmake_prefix_path.ps1'
[2.506s] INFO:colcon.colcon_core.shell:Creating environment descriptor '/home/cyrosrobot5/drone_ws/install/mrs_uav_system_full/share/mrs_uav_system_full/hook/cmake_prefix_path.dsv'
[2.506s] INFO:colcon.colcon_core.shell:Creating environment hook '/home/cyrosrobot5/drone_ws/install/mrs_uav_system_full/share/mrs_uav_system_full/hook/cmake_prefix_path.sh'
[2.507s] Level 1:colcon.colcon_core.environment:checking '/home/cyrosrobot5/drone_ws/install/mrs_uav_system_full/bin'
[2.507s] Level 1:colcon.colcon_core.environment:checking '/home/cyrosrobot5/drone_ws/install/mrs_uav_system_full/lib/pkgconfig/mrs_uav_system_full.pc'
[2.507s] Level 1:colcon.colcon_core.environment:checking '/home/cyrosrobot5/drone_ws/install/mrs_uav_system_full/lib/python3.12/site-packages'
[2.507s] Level 1:colcon.colcon_core.environment:checking '/home/cyrosrobot5/drone_ws/install/mrs_uav_system_full/bin'
[2.507s] INFO:colcon.colcon_core.shell:Creating package script '/home/cyrosrobot5/drone_ws/install/mrs_uav_system_full/share/mrs_uav_system_full/package.ps1'
[2.508s] INFO:colcon.colcon_core.shell:Creating package descriptor '/home/cyrosrobot5/drone_ws/install/mrs_uav_system_full/share/mrs_uav_system_full/package.dsv'
[2.508s] INFO:colcon.colcon_core.shell:Creating package script '/home/cyrosrobot5/drone_ws/install/mrs_uav_system_full/share/mrs_uav_system_full/package.sh'
[2.508s] INFO:colcon.colcon_core.shell:Creating package script '/home/cyrosrobot5/drone_ws/install/mrs_uav_system_full/share/mrs_uav_system_full/package.bash'
[2.508s] INFO:colcon.colcon_core.shell:Creating package script '/home/cyrosrobot5/drone_ws/install/mrs_uav_system_full/share/mrs_uav_system_full/package.zsh'
[2.509s] Level 1:colcon.colcon_core.environment:create_file_with_runtime_dependencies(/home/cyrosrobot5/drone_ws/install/mrs_uav_system_full/share/colcon-core/packages/mrs_uav_system_full)
[2.509s] Level 1:colcon.colcon_core.environment:create_environment_scripts_only(mrs_uav_system_full)
[2.509s] Level 1:colcon.colcon_core.environment:checking '/home/cyrosrobot5/drone_ws/install/mrs_uav_system_full' for CMake module files
[2.509s] Level 1:colcon.colcon_core.environment:checking '/home/cyrosrobot5/drone_ws/install/mrs_uav_system_full' for CMake config files
[2.509s] Level 1:colcon.colcon_core.shell:create_environment_hook('mrs_uav_system_full', 'cmake_prefix_path')
[2.510s] INFO:colcon.colcon_core.shell:Creating environment hook '/home/cyrosrobot5/drone_ws/install/mrs_uav_system_full/share/mrs_uav_system_full/hook/cmake_prefix_path.ps1'
[2.510s] INFO:colcon.colcon_core.shell:Creating environment descriptor '/home/cyrosrobot5/drone_ws/install/mrs_uav_system_full/share/mrs_uav_system_full/hook/cmake_prefix_path.dsv'
[2.510s] INFO:colcon.colcon_core.shell:Creating environment hook '/home/cyrosrobot5/drone_ws/install/mrs_uav_system_full/share/mrs_uav_system_full/hook/cmake_prefix_path.sh'
[2.510s] Level 1:colcon.colcon_core.environment:checking '/home/cyrosrobot5/drone_ws/install/mrs_uav_system_full/bin'
[2.511s] Level 1:colcon.colcon_core.environment:checking '/home/cyrosrobot5/drone_ws/install/mrs_uav_system_full/lib/pkgconfig/mrs_uav_system_full.pc'
[2.511s] Level 1:colcon.colcon_core.environment:checking '/home/cyrosrobot5/drone_ws/install/mrs_uav_system_full/lib/python3.12/site-packages'
[2.511s] Level 1:colcon.colcon_core.environment:checking '/home/cyrosrobot5/drone_ws/install/mrs_uav_system_full/bin'
[2.511s] INFO:colcon.colcon_core.shell:Creating package script '/home/cyrosrobot5/drone_ws/install/mrs_uav_system_full/share/mrs_uav_system_full/package.ps1'
[2.511s] INFO:colcon.colcon_core.shell:Creating package descriptor '/home/cyrosrobot5/drone_ws/install/mrs_uav_system_full/share/mrs_uav_system_full/package.dsv'
[2.512s] INFO:colcon.colcon_core.shell:Creating package script '/home/cyrosrobot5/drone_ws/install/mrs_uav_system_full/share/mrs_uav_system_full/package.sh'
[2.512s] INFO:colcon.colcon_core.shell:Creating package script '/home/cyrosrobot5/drone_ws/install/mrs_uav_system_full/share/mrs_uav_system_full/package.bash'
[2.512s] INFO:colcon.colcon_core.shell:Creating package script '/home/cyrosrobot5/drone_ws/install/mrs_uav_system_full/share/mrs_uav_system_full/package.zsh'
[2.512s] Level 1:colcon.colcon_core.environment:create_file_with_runtime_dependencies(/home/cyrosrobot5/drone_ws/install/mrs_uav_system_full/share/colcon-core/packages/mrs_uav_system_full)
[2.513s] DEBUG:colcon.colcon_parallel_executor.executor.parallel:closing loop
[2.513s] DEBUG:colcon.colcon_parallel_executor.executor.parallel:loop closed
[2.514s] DEBUG:colcon.colcon_parallel_executor.executor.parallel:run_until_complete finished with '0'
[2.514s] DEBUG:colcon.colcon_core.event_reactor:joining thread
[2.518s] INFO:colcon.colcon_core.plugin_system:Skipping extension 'colcon_notification.desktop_notification.terminal_notifier': Not used on non-Darwin systems
[2.519s] INFO:colcon.colcon_core.plugin_system:Skipping extension 'colcon_notification.desktop_notification.win32': Not used on non-Windows systems
[2.519s] INFO:colcon.colcon_notification.desktop_notification:Sending desktop notification using 'notify2'
[2.531s] DEBUG:colcon.colcon_core.event_reactor:joined thread
[2.532s] INFO:colcon.colcon_core.shell:Creating prefix script '/home/cyrosrobot5/drone_ws/install/local_setup.ps1'
[2.533s] INFO:colcon.colcon_core.shell:Creating prefix util module '/home/cyrosrobot5/drone_ws/install/_local_setup_util_ps1.py'
[2.534s] INFO:colcon.colcon_core.shell:Creating prefix chain script '/home/cyrosrobot5/drone_ws/install/setup.ps1'
[2.535s] INFO:colcon.colcon_core.shell:Creating prefix script '/home/cyrosrobot5/drone_ws/install/local_setup.sh'
[2.536s] INFO:colcon.colcon_core.shell:Creating prefix util module '/home/cyrosrobot5/drone_ws/install/_local_setup_util_sh.py'
[2.536s] INFO:colcon.colcon_core.shell:Creating prefix chain script '/home/cyrosrobot5/drone_ws/install/setup.sh'
[2.537s] INFO:colcon.colcon_core.shell:Creating prefix script '/home/cyrosrobot5/drone_ws/install/local_setup.bash'
[2.537s] INFO:colcon.colcon_core.shell:Creating prefix chain script '/home/cyrosrobot5/drone_ws/install/setup.bash'
[2.538s] INFO:colcon.colcon_core.shell:Creating prefix script '/home/cyrosrobot5/drone_ws/install/local_setup.zsh'
[2.538s] INFO:colcon.colcon_core.shell:Creating prefix chain script '/home/cyrosrobot5/drone_ws/install/setup.zsh'
