[0.011s] Invoking command in '/home/cyrosrobot5/drone_ws/build/mrs_uav_system_full': AMENT_PREFIX_PATH=/home/cyrosrobot5/drone_ws/install/mrs_uav_gazebo_simulator:/home/cyrosrobot5/drone_ws/install/mrs_uav_system_full:/home/cyrosrobot5/drone_ws/install/mrs_uav_system:/home/cyrosrobot5/drone_ws/install/drone_custom_control:/opt/ros/jazzy CMAKE_PREFIX_PATH=${CMAKE_PREFIX_PATH}:/home/cyrosrobot5/drone_ws/install/mrs_uav_gazebo_simulator DEBUGINFOD_URLS=https://debuginfod.ubuntu.com /usr/bin/cmake /home/cyrosrobot5/drone_ws/src/mrs_uav_system/ros_packages/mrs_uav_system_full -DAMENT_CMAKE_SYMLINK_INSTALL=1 -DCMAKE_INSTALL_PREFIX=/home/cyrosrobot5/drone_ws/install/mrs_uav_system_full
[0.059s] -- The C compiler identification is GNU 13.3.0
[0.116s] -- The CXX compiler identification is GNU 13.3.0
[0.133s] -- Detecting C compiler ABI info
[0.223s] -- Detecting C compiler ABI info - done
[0.230s] -- Check for working C compiler: /usr/bin/cc - skipped
[0.230s] -- Detecting C compile features
[0.231s] -- Detecting C compile features - done
[0.245s] -- Detecting CXX compiler ABI info
[0.338s] -- Detecting CXX compiler ABI info - done
[0.346s] -- Check for working CXX compiler: /usr/bin/c++ - skipped
[0.346s] -- Detecting CXX compile features
[0.347s] -- Detecting CXX compile features - done
[0.349s] -- Found ament_cmake: 2.5.5 (/opt/ros/jazzy/share/ament_cmake/cmake)
[0.494s] -- Found Python3: /usr/bin/python3 (found version "3.12.3") found components: Interpreter 
[0.561s] -- Override CMake install command with custom implementation using symlinks instead of copying resources
[0.666s] -- Configuring done (0.6s)
[0.668s] -- Generating done (0.0s)
[0.669s] -- Build files have been written to: /home/cyrosrobot5/drone_ws/build/mrs_uav_system_full
[0.675s] Invoked command in '/home/cyrosrobot5/drone_ws/build/mrs_uav_system_full' returned '0': AMENT_PREFIX_PATH=/home/cyrosrobot5/drone_ws/install/mrs_uav_gazebo_simulator:/home/cyrosrobot5/drone_ws/install/mrs_uav_system_full:/home/cyrosrobot5/drone_ws/install/mrs_uav_system:/home/cyrosrobot5/drone_ws/install/drone_custom_control:/opt/ros/jazzy CMAKE_PREFIX_PATH=${CMAKE_PREFIX_PATH}:/home/cyrosrobot5/drone_ws/install/mrs_uav_gazebo_simulator DEBUGINFOD_URLS=https://debuginfod.ubuntu.com /usr/bin/cmake /home/cyrosrobot5/drone_ws/src/mrs_uav_system/ros_packages/mrs_uav_system_full -DAMENT_CMAKE_SYMLINK_INSTALL=1 -DCMAKE_INSTALL_PREFIX=/home/cyrosrobot5/drone_ws/install/mrs_uav_system_full
[0.678s] Invoking command in '/home/cyrosrobot5/drone_ws/build/mrs_uav_system_full': AMENT_PREFIX_PATH=/home/cyrosrobot5/drone_ws/install/mrs_uav_gazebo_simulator:/home/cyrosrobot5/drone_ws/install/mrs_uav_system_full:/home/cyrosrobot5/drone_ws/install/mrs_uav_system:/home/cyrosrobot5/drone_ws/install/drone_custom_control:/opt/ros/jazzy CMAKE_PREFIX_PATH=${CMAKE_PREFIX_PATH}:/home/cyrosrobot5/drone_ws/install/mrs_uav_gazebo_simulator DEBUGINFOD_URLS=https://debuginfod.ubuntu.com /usr/bin/cmake --build /home/cyrosrobot5/drone_ws/build/mrs_uav_system_full -- -j12 -l12
[0.714s] Invoked command in '/home/cyrosrobot5/drone_ws/build/mrs_uav_system_full' returned '0': AMENT_PREFIX_PATH=/home/cyrosrobot5/drone_ws/install/mrs_uav_gazebo_simulator:/home/cyrosrobot5/drone_ws/install/mrs_uav_system_full:/home/cyrosrobot5/drone_ws/install/mrs_uav_system:/home/cyrosrobot5/drone_ws/install/drone_custom_control:/opt/ros/jazzy CMAKE_PREFIX_PATH=${CMAKE_PREFIX_PATH}:/home/cyrosrobot5/drone_ws/install/mrs_uav_gazebo_simulator DEBUGINFOD_URLS=https://debuginfod.ubuntu.com /usr/bin/cmake --build /home/cyrosrobot5/drone_ws/build/mrs_uav_system_full -- -j12 -l12
[0.716s] Invoking command in '/home/cyrosrobot5/drone_ws/build/mrs_uav_system_full': AMENT_PREFIX_PATH=/home/cyrosrobot5/drone_ws/install/mrs_uav_gazebo_simulator:/home/cyrosrobot5/drone_ws/install/mrs_uav_system_full:/home/cyrosrobot5/drone_ws/install/mrs_uav_system:/home/cyrosrobot5/drone_ws/install/drone_custom_control:/opt/ros/jazzy CMAKE_PREFIX_PATH=${CMAKE_PREFIX_PATH}:/home/cyrosrobot5/drone_ws/install/mrs_uav_gazebo_simulator DEBUGINFOD_URLS=https://debuginfod.ubuntu.com /usr/bin/cmake --install /home/cyrosrobot5/drone_ws/build/mrs_uav_system_full
[0.722s] -- Install configuration: ""
[0.723s] -- Execute custom install script
[0.723s] -- Symlinking: /home/cyrosrobot5/drone_ws/install/mrs_uav_system_full/share/ament_index/resource_index/package_run_dependencies/mrs_uav_system_full
[0.730s] -- Symlinking: /home/cyrosrobot5/drone_ws/install/mrs_uav_system_full/share/ament_index/resource_index/parent_prefix_path/mrs_uav_system_full
[0.739s] -- Symlinking: /home/cyrosrobot5/drone_ws/install/mrs_uav_system_full/share/mrs_uav_system_full/environment/ament_prefix_path.sh
[0.746s] -- Symlinking: /home/cyrosrobot5/drone_ws/install/mrs_uav_system_full/share/mrs_uav_system_full/environment/ament_prefix_path.dsv
[0.753s] -- Symlinking: /home/cyrosrobot5/drone_ws/install/mrs_uav_system_full/share/mrs_uav_system_full/environment/path.sh
[0.761s] -- Symlinking: /home/cyrosrobot5/drone_ws/install/mrs_uav_system_full/share/mrs_uav_system_full/environment/path.dsv
[0.767s] -- Symlinking: /home/cyrosrobot5/drone_ws/install/mrs_uav_system_full/share/mrs_uav_system_full/local_setup.bash
[0.776s] -- Symlinking: /home/cyrosrobot5/drone_ws/install/mrs_uav_system_full/share/mrs_uav_system_full/local_setup.sh
[0.783s] -- Symlinking: /home/cyrosrobot5/drone_ws/install/mrs_uav_system_full/share/mrs_uav_system_full/local_setup.zsh
[0.789s] -- Symlinking: /home/cyrosrobot5/drone_ws/install/mrs_uav_system_full/share/mrs_uav_system_full/local_setup.dsv
[0.798s] -- Symlinking: /home/cyrosrobot5/drone_ws/install/mrs_uav_system_full/share/mrs_uav_system_full/package.dsv
[0.805s] -- Symlinking: /home/cyrosrobot5/drone_ws/install/mrs_uav_system_full/share/ament_index/resource_index/packages/mrs_uav_system_full
[0.813s] -- Symlinking: /home/cyrosrobot5/drone_ws/install/mrs_uav_system_full/share/mrs_uav_system_full/cmake/mrs_uav_system_fullConfig.cmake
[0.821s] -- Symlinking: /home/cyrosrobot5/drone_ws/install/mrs_uav_system_full/share/mrs_uav_system_full/cmake/mrs_uav_system_fullConfig-version.cmake
[0.828s] -- Symlinking: /home/cyrosrobot5/drone_ws/install/mrs_uav_system_full/share/mrs_uav_system_full/package.xml
[0.838s] Invoked command in '/home/cyrosrobot5/drone_ws/build/mrs_uav_system_full' returned '0': AMENT_PREFIX_PATH=/home/cyrosrobot5/drone_ws/install/mrs_uav_gazebo_simulator:/home/cyrosrobot5/drone_ws/install/mrs_uav_system_full:/home/cyrosrobot5/drone_ws/install/mrs_uav_system:/home/cyrosrobot5/drone_ws/install/drone_custom_control:/opt/ros/jazzy CMAKE_PREFIX_PATH=${CMAKE_PREFIX_PATH}:/home/cyrosrobot5/drone_ws/install/mrs_uav_gazebo_simulator DEBUGINFOD_URLS=https://debuginfod.ubuntu.com /usr/bin/cmake --install /home/cyrosrobot5/drone_ws/build/mrs_uav_system_full
