running develop
running egg_info
creating drone_custom_control.egg-info
writing drone_custom_control.egg-info/PKG-INFO
writing dependency_links to drone_custom_control.egg-info/dependency_links.txt
writing entry points to drone_custom_control.egg-info/entry_points.txt
writing requirements to drone_custom_control.egg-info/requires.txt
writing top-level names to drone_custom_control.egg-info/top_level.txt
writing manifest file 'drone_custom_control.egg-info/SOURCES.txt'
reading manifest file 'drone_custom_control.egg-info/SOURCES.txt'
writing manifest file 'drone_custom_control.egg-info/SOURCES.txt'
running build_ext
Creating /home/cyrosrobot5/drone_ws/install/drone_custom_control/lib/python3.12/site-packages/drone-custom-control.egg-link (link to .)
Installing drone_activation_node script to /home/cyrosrobot5/drone_ws/install/drone_custom_control/lib/drone_custom_control
Installing lpv_mpc_drone_node script to /home/cyrosrobot5/drone_ws/install/drone_custom_control/lib/drone_custom_control

Installed /home/cyrosrobot5/drone_ws/build/drone_custom_control
running symlink_data
creating /home/cyrosrobot5/drone_ws/install/drone_custom_control/share/ament_index
creating /home/cyrosrobot5/drone_ws/install/drone_custom_control/share/ament_index/resource_index
creating /home/cyrosrobot5/drone_ws/install/drone_custom_control/share/ament_index/resource_index/packages
symbolically linking /home/cyrosrobot5/drone_ws/build/drone_custom_control/resource/drone_custom_control -> /home/cyrosrobot5/drone_ws/install/drone_custom_control/share/ament_index/resource_index/packages
symbolically linking /home/cyrosrobot5/drone_ws/build/drone_custom_control/package.xml -> /home/cyrosrobot5/drone_ws/install/drone_custom_control/share/drone_custom_control
