[0.915s] Invoking command in '/home/cyrosrobot5/drone_ws/build/drone_custom_control': DEBUGINFOD_URLS=https://debuginfod.ubuntu.com PYTHONPATH=/home/cyrosrobot5/drone_ws/build/drone_custom_control/prefix_override:/usr/lib/python3/dist-packages/colcon_core/task/python/colcon_distutils_commands:/home/cyrosrobot5/drone_ws/install/drone_custom_control/lib/python3.12/site-packages:${PYTHONPATH} /usr/bin/python3 -W ignore:setup.py install is deprecated -W ignore:easy_install command is deprecated setup.py develop --editable --build-directory /home/cyrosrobot5/drone_ws/build/drone_custom_control/build --no-deps symlink_data
[1.182s] running develop
[1.340s] running egg_info
[1.340s] creating drone_custom_control.egg-info
[1.356s] writing drone_custom_control.egg-info/PKG-INFO
[1.356s] writing dependency_links to drone_custom_control.egg-info/dependency_links.txt
[1.356s] writing entry points to drone_custom_control.egg-info/entry_points.txt
[1.356s] writing requirements to drone_custom_control.egg-info/requires.txt
[1.356s] writing top-level names to drone_custom_control.egg-info/top_level.txt
[1.357s] writing manifest file 'drone_custom_control.egg-info/SOURCES.txt'
[1.389s] reading manifest file 'drone_custom_control.egg-info/SOURCES.txt'
[1.390s] writing manifest file 'drone_custom_control.egg-info/SOURCES.txt'
[1.407s] running build_ext
[1.407s] Creating /home/cyrosrobot5/drone_ws/install/drone_custom_control/lib/python3.12/site-packages/drone-custom-control.egg-link (link to .)
[1.408s] Installing drone_activation_node script to /home/cyrosrobot5/drone_ws/install/drone_custom_control/lib/drone_custom_control
[1.408s] Installing lpv_mpc_drone_node script to /home/cyrosrobot5/drone_ws/install/drone_custom_control/lib/drone_custom_control
[1.408s] 
[1.408s] Installed /home/cyrosrobot5/drone_ws/build/drone_custom_control
[1.408s] running symlink_data
[1.408s] creating /home/cyrosrobot5/drone_ws/install/drone_custom_control/share/ament_index
[1.408s] creating /home/cyrosrobot5/drone_ws/install/drone_custom_control/share/ament_index/resource_index
[1.408s] creating /home/cyrosrobot5/drone_ws/install/drone_custom_control/share/ament_index/resource_index/packages
[1.408s] symbolically linking /home/cyrosrobot5/drone_ws/build/drone_custom_control/resource/drone_custom_control -> /home/cyrosrobot5/drone_ws/install/drone_custom_control/share/ament_index/resource_index/packages
[1.408s] symbolically linking /home/cyrosrobot5/drone_ws/build/drone_custom_control/package.xml -> /home/cyrosrobot5/drone_ws/install/drone_custom_control/share/drone_custom_control
[1.446s] Invoked command in '/home/cyrosrobot5/drone_ws/build/drone_custom_control' returned '0': DEBUGINFOD_URLS=https://debuginfod.ubuntu.com PYTHONPATH=/home/cyrosrobot5/drone_ws/build/drone_custom_control/prefix_override:/usr/lib/python3/dist-packages/colcon_core/task/python/colcon_distutils_commands:/home/cyrosrobot5/drone_ws/install/drone_custom_control/lib/python3.12/site-packages:${PYTHONPATH} /usr/bin/python3 -W ignore:setup.py install is deprecated -W ignore:easy_install command is deprecated setup.py develop --editable --build-directory /home/cyrosrobot5/drone_ws/build/drone_custom_control/build --no-deps symlink_data
